This file contains any messages produced by compilers while
running configure, to aid debugging if configure makes a mistake.

It was created by libgpio configure 1.0, which was
generated by GNU Autoconf 2.72e.  Invocation command line was

  $ ../configure --prefix=/home/kevinl/Documents/smarthouse_pi/libgpio-1.0/usr/ --host=arm-poky-linux-gnueabi

## --------- ##
## Platform. ##
## --------- ##

hostname = dellinspiron
uname -m = x86_64
uname -r = 6.8.0-57-generic
uname -s = Linux
uname -v = #59~22.04.1-Ubuntu SMP PREEMPT_DYNAMIC Wed Mar 19 17:07:41 UTC 2

/usr/bin/uname -p = x86_64
/bin/uname -X     = unknown

/bin/arch              = x86_64
/usr/bin/arch -k       = unknown
/usr/convex/getsysinfo = unknown
/usr/bin/hostinfo      = unknown
/bin/machine           = unknown
/usr/bin/oslevel       = unknown
/bin/universe          = unknown

PATH: /opt/poky/5.0.9/sysroots/x86_64-pokysdk-linux/usr/bin/
PATH: /opt/poky/5.0.9/sysroots/x86_64-pokysdk-linux/usr/sbin/
PATH: /opt/poky/5.0.9/sysroots/x86_64-pokysdk-linux/bin/
PATH: /opt/poky/5.0.9/sysroots/x86_64-pokysdk-linux/sbin/
PATH: /opt/poky/5.0.9/sysroots/x86_64-pokysdk-linux/usr/bin/../x86_64-pokysdk-linux/bin/
PATH: /opt/poky/5.0.9/sysroots/x86_64-pokysdk-linux/usr/bin/arm-poky-linux-gnueabi/
PATH: /opt/poky/5.0.9/sysroots/x86_64-pokysdk-linux/usr/bin/arm-poky-linux-musl/
PATH: /home/kevinl/.local/bin/
PATH: /usr/local/sbin/
PATH: /usr/local/bin/
PATH: /usr/sbin/
PATH: /usr/bin/
PATH: /sbin/
PATH: /bin/
PATH: /usr/games/
PATH: /usr/local/games/
PATH: /snap/bin/
PATH: /snap/bin/


## ----------- ##
## Core tests. ##
## ----------- ##

configure:1997: loading site script /opt/poky/5.0.9/site-config-cortexa7t2hf-neon-vfpv4-poky-linux-gnueabi
| ac_cv_c_littleendian=${ac_cv_c_littleendian=yes}
| ac_cv_c_bigendian=${ac_cv_c_bigendian=no}
| 
| # libnet
| ac_cv_libnet_endianess=${ac_cv_libnet_endianess=lil}
| 
| # libmemcached
| ac_cv_c_endian=little
| # general
| ac_cv_va_val_copy=${ac_cv_va_val_copy=yes}
| ac_cv_func_lstat_dereferences_slashed_symlink=${ac_cv_func_lstat_dereferences_slashed_symlink=yes}
| ac_cv_func_lstat_empty_string_bug=${ac_cv_func_lstat_empty_string_bug=no}
| ac_cv_func_stat_empty_string_bug=${ac_cv_func_stat_empty_string_bug=no}
| ac_cv_func_stat_ignores_trailing_slash=${ac_cv_func_stat_ignores_trailing_slash=no}
| 
| # bash
| ac_cv_c_long_double=${ac_cv_c_long_double=yes}
| bash_cv_func_sigsetjmp=${bash_cv_func_sigsetjmp=missing}
| 
| # coreutils
| utils_cv_sys_open_max=${utils_cv_sys_open_max=1019}
| 
| # cvs
| cvs_cv_func_printf_ptr=${cvs_cv_func_printf_ptr=yes}
| 
| # db (sleepycat)
| db_cv_fcntl_f_setfd=${db_cv_fcntl_f_setfd=yes}
| db_cv_sprintf_count=${db_cv_sprintf_count=yes}
| db_cv_align_t=${db_cv_align_t='unsigned long long'}
| db_cv_alignp_t=${db_cv_alignp_t='unsigned long'}
| 
| # D-BUS
| ac_cv_func_posix_getpwnam_r=${ac_cv_func_posix_getpwnam_r=yes}
| 
| # edb
| db_cv_spinlocks=${db_cv_spinlocks=no}
| 
| # ettercap
| ettercap_cv_type_socklen_t=${ettercap_cv_type_socklen_t=yes}
| 
| # fget
| compat_cv_func_snprintf_works=${compat_cv_func_snprintf_works=yes}
| compat_cv_func_basename_works=${compat_cv_func_basename_works=no}
| compat_cv_func_dirname_works=${compat_cv_func_dirname_works=no}
| 
| # fnmatch
| ac_cv_func_fnmatch_works=${ac_cv_func_fnmatch_works=yes}
| 
| # gettext
| am_cv_func_working_getline=${am_cv_func_working_getline=yes}
| 
| #gstreamer
| as_cv_unaligned_access=${as_cv_unaligned_access=no}
| 
| # httppc
| ac_cv_strerror_r_SUSv3=${ac_cv_strerror_r_SUSv3=no}
| 
| # lftp
| ac_cv_need_trio=${ac_cv_need_trio=no}
| lftp_cv_va_val_copy=${lftp_cv_va_val_copy=yes}
| 
| # libesmtp
| acx_working_snprintf=${acx_working_snprintf=yes}
| 
| # libnet 
| ac_libnet_have_packet_socket=${ac_libnet_have_packet_socket=yes}
| 
| # libpcap
| ac_cv_linux_vers=${ac_cv_linux_vers=2}
| 
| # libxfce4util
| with_broken_putenv=${with_broken_putenv=no}
| 
| # links
| ac_cv_lib_png_png_create_info_struct=${ac_cv_lib_png_png_create_info_struct=yes}
| 
| # mysql
| mysql_cv_func_atomic_sub=${mysql_cv_func_atomic_sub=no}
| mysql_cv_func_atomic_add=${mysql_cv_func_atomic_add=no}
| 
| # nano
| ac_cv_regexec_segfault_emptystr=${ac_cv_regexec_segfault_emptystr=no}
| nano_cv_func_regexec_segv_emptystr=${nano_cv_func_regexec_segv_emptystr=no}
| 
| # php
| ac_cv_pread=${ac_cv_pread=no}
| ac_cv_pwrite=${ac_cv_pwrite=no}
| php_cv_lib_cookie_io_functions_use_off64_t=${php_cv_lib_cookie_io_functions_use_off64_t=yes}
| 
| # rsync
| rsync_cv_HAVE_BROKEN_LARGEFILE=${rsync_cv_HAVE_BROKEN_LARGEFILE=no}
| rsync_cv_HAVE_SOCKETPAIR=${rsync_cv_HAVE_SOCKETPAIR=yes}
| rsync_cv_HAVE_LONGLONG=${rsync_cv_HAVE_LONGLONG=yes}
| rsync_cv_HAVE_OFF64_T=${rsync_cv_HAVE_OFF64_T=no}
| rsync_cv_HAVE_SHORT_INO_T=${rsync_cv_HAVE_SHORT_INO_T=no}
| rsync_cv_HAVE_UNSIGNED_CHAR=${rsync_cv_HAVE_UNSIGNED_CHAR=no}
| rsync_cv_HAVE_BROKEN_READDIR=${rsync_cv_HAVE_BROKEN_READDIR=no}
| rsync_cv_HAVE_GETTIMEOFDAY_TZ=${rsync_cv_HAVE_GETTIMEOFDAY_TZ=yes}
| rsync_cv_HAVE_SECURE_MKSTEMP=${rsync_cv_HAVE_SECURE_MKSTEMP=yes}
| rsync_cv_REPLACE_INET_NTOA=${rsync_cv_REPLACE_INET_NTOA=no}
| rsync_cv_REPLACE_INET_ATON=${rsync_cv_REPLACE_INET_ATON=no}
| 
| # screen
| screen_cv_sys_bcopy_overlap=${screen_cv_sys_bcopy_overlap=no}
| screen_cv_sys_memcpy_overlap=${screen_cv_sys_memcpy_overlap=no}
| screen_cv_sys_memmove_overlap=${screen_cv_sys_memmove_overlap=no}
| screen_cv_sys_fifo_broken_impl=${screen_cv_sys_fifo_broken_impl=yes}
| screen_cv_sys_fifo_usable=${screen_cv_sys_fifo_usable=yes}
| screen_cv_sys_select_broken_retval=${screen_cv_sys_select_broken_retval=no}
| screen_cv_sys_sockets_nofs=${screen_cv_sys_sockets_nofs=no}
| screen_cv_sys_sockets_usable=${screen_cv_sys_sockets_usable=yes}
| screen_cv_sys_terminfo_used=${screen_cv_sys_terminfo_used=yes}
| 
| # slrn
| slrn_cv_va_val_copy=${slrn_cv_va_val_copy=yes}
| 
| # socat
| ac_cv_ispeed_offset=${ac_cv_ispeed_offset=13}
| sc_cv_termios_ispeed=${sc_cv_termios_ispeed=yes}
| 
| # ssh
| ac_cv_have_space_d_name_in_struct_dirent=${ac_cv_dirent_have_space_d_name=yes}
| ac_cv_have_broken_snprintf=${ac_cv_have_broken_snprintf=no}
| ac_cv_have_accrights_in_msghdr=${ac_cv_have_accrights_in_msghdr=no}
| ac_cv_have_control_in_msghdr=${ac_cv_have_control_in_msghdr=yes}
| ac_cv_have_openpty_ctty_bug=${ac_cv_have_openpty_ctty_bug=yes}
| 
| # startup-notification
| lf_cv_sane_realloc=yes
| 
| # xffm
| jm_cv_func_working_readdir=yes
| 
| # evolution-data-server
| ac_cv_libiconv_utf8=${ac_cv_libiconv_utf8=yes}
| 
| # definitions assuming 32-bit arm architecture
| 
| # apache
| ac_cv_sizeof_size_t=${ac_cv_sizeof_size_t=4}
| ac_cv_sizeof_ssize_t=${ac_cv_sizeof_ssize_t=4}
| 
| # jikes
| ac_cv_sizeof_wchar_t=4
| # gettext - these add sleep delays otherwise
| gl_cv_func_sleep_works=${gl_cv_func_sleep_works=yes}
| gl_cv_header_working_fcntl_h=${gl_cv_header_working_fcntl_h=yes}
| # the euc-jp tests in iconv.m4 break elfutils and libunistring depending on the
| # host locales installed. Avoid this by skipping the tests, we're not on HP-UX!
| am_cv_func_iconv_works=${am_cv_func_iconv_works=yes}
| 
| # apr
| ac_cv_file__dev_zero=${ac_cv_file__dev_zero=yes}
| ac_cv_sizeof_pid_t=${ac_cv_sizeof_pid_t=4}
| ac_cv_func_pthread_key_delete=${ac_cv_func_pthread_key_delete=yes}
| apr_cv_tcp_nodelay_with_cork=${apr_cv_tcp_nodelay_with_cork=yes}
| apr_cv_process_shared_works=${apr_cv_process_shared_works=no}
| 
| # samba
| samba_cv_HAVE_IFACE_AIX=${samba_cv_HAVE_IFACE_AIX=no}
| samba_cv_HAVE_IFACE_IFCONF=${samba_cv_HAVE_IFACE_IFCONF=yes}
| samba_cv_HAVE_IFACE_IFREQ=${samba_cv_HAVE_IFACE_IFREQ=yes}
| samba_cv_HAVE_IRIX_SPECIFIC_CAPABILITIES=${samba_cv_HAVE_IRIX_SPECIFIC_CAPABILITIES=no}
| 
| # db
| db_cv_path_ar=${db_cv_path_ar=/usr/bin/ar}
| db_cv_path_chmod=${db_cv_path_chmod=/bin/chmod}
| db_cv_path_cp=${db_cv_path_cp=/bin/cp}
| db_cv_path_ln=${db_cv_path_ln=/bin/ln}
| db_cv_path_mkdir=${db_cv_path_mkdir=/bin/mkdir}
| db_cv_path_ranlib=${db_cv_path_ranlib=/usr/bin/ranlib}
| db_cv_path_rm=${db_cv_path_rm=/bin/rm}
| db_cv_path_sh=${db_cv_path_sh=/bin/sh}
| db_cv_path_strip=${db_cv_path_strip=/usr/bin/strip}
| 
| # bash
| bash_cv_have_mbstate_t=${bash_cv_have_mbstate_t=yes}
| bash_cv_must_reinstall_sighandlers=${bash_cv_must_reinstall_sighandlers=no}
| bash_cv_func_strcoll_broken=${bash_cv_func_strcoll_broken=no}
| bash_cv_dup2_broken=${bash_cv_dup2_broken=no}
| bash_cv_opendir_not_robust=${bash_cv_opendir_not_robust=no}
| bash_cv_type_rlimit=${bash_cv_type_rlimit=rlim_t}
| bash_cv_getenv_redef=${bash_cv_getenv_redef=yes}
| bash_cv_ulimit_maxfds=${bash_cv_ulimit_maxfds=yes}
| bash_cv_getcwd_calls_popen=${bash_cv_getcwd_calls_popen=no}
| bash_cv_printf_a_format=${bash_cv_printf_a_format=yes}
| bash_cv_pgrp_pipe=${bash_cv_pgrp_pipe=no}
| bash_cv_job_control_missing=${bash_cv_job_control_missing=present}
| bash_cv_sys_named_pipes=${bash_cv_sys_named_pipes=present}
| bash_cv_unusable_rtsigs=${bash_cv_unusable_rtsigs=no}
| 
| # ccache
| hw_cv_func_snprintf_c99=${hw_cv_func_snprintf_c99=yes}
| hw_cv_func_vsnprintf_c99=${hw_cv_func_vsnprintf_c99=yes}
| 
| # coreutils
| ac_cv_func_chown_works=${ac_cv_func_chown_works=yes}
| ac_cv_func_utime_null=${ac_cv_func_utime_null=yes}
| gl_cv_func_fstatat_zero_flag=${gl_cv_func_fstatat_zero_flag=yes}
| gl_cv_func_link_follows_symlink=${gl_cv_func_link_follows_symlink=no}
| gl_cv_func_unlink_busy_text=${gl_cv_func_unlink_busy_text=yes}
| gl_cv_have_proc_uptime=${gl_cv_have_proc_uptime=yes}
| gl_cv_pipes_are_fifos=${gl_cv_pipes_are_fifos='yes (1)'}
| 
| # mysql
| ac_cv_sys_restartable_syscalls=${ac_cv_sys_restartable_syscalls=yes}
| ac_cv_conv_longlong_to_float=${ac_cv_conv_longlong_to_float=yes}
| 
| # TCL
| tcl_cv_api_serial=${tcl_cv_api_serial=termios}
| 
| # python
| ac_cv_have_long_long_format=yes
| 
| # apache
| ac_cv_o_nonblock_inherited=${ac_cv_o_nonblock_inherited=no}
| 
| # rsync
| rsync_cv_HAVE_C99_VSNPRINTF=${rsync_cv_HAVE_C99_VSNPRINTF=yes}
| # general
| ac_cv_func_calloc_0_nonnull=${ac_cv_func_calloc_0_nonnull=yes}
| ac_cv_func_realloc_works=${ac_cv_func_realloc_works=yes}
| ac_cv_func_realloc_0_nonnull=${ac_cv_func_realloc_0_nonnull=yes}
| ac_cv_func_malloc_works=${ac_cv_func_malloc_works=yes}
| ac_cv_func_malloc_0_nonnull=${ac_cv_func_malloc_0_nonnull=yes}
| ac_cv_func_memcmp_working=${ac_cv_func_memcmp_working=yes}
| ac_cv_func_getpgrp_void=yes
| ac_cv_func_setpgrp_void=yes
| ac_cv_func_setgrent_void=yes
| ac_cv_func_getgrgid_r=${ac_cv_func_getgrgid_r=yes}
| ac_cv_func_getpwuid_r=${ac_cv_func_getpwuid_r=yes}
| ac_cv_func_posix_getpwuid_r=${ac_cv_func_posix_getpwuid_r=yes}
| ac_cv_func_posix_getgrgid_r=${ac_cv_func_posix_getgrgid_r=yes}
| ac_cv_func_getaddrinfo=${ac_cv_func_getaddrinfo=yes}
| ac_cv_func_strtod=${ac_cv_func_strtod=yes}
| 
| # bash
| bash_cv_getcwd_malloc=${bash_cv_getcwd_malloc=yes}
| 
| # clamav
| clamav_av_func_working_snprintf_long=${clamav_av_func_working_snprintf_long=yes}
| clamav_av_have_in_port_t=${clamav_av_have_in_port_t=yes}
| clamav_av_have_in_addr_t=${clamav_av_have_in_addr_t=yes}
| ac_cv_func_mmap_fixed_mapped=${ac_cv_func_mmap_fixed_mapped=yes}
| 
| # coreutils
| fu_cv_sys_stat_statfs2_bsize=${fu_cv_sys_stat_statfs2_bsize=yes}
| gl_cv_func_getcwd_abort_bug=${gl_cv_func_getcwd_abort_bug=no}
| gl_cv_func_getcwd_null=${gl_cv_func_getcwd_null=yes}
| gl_cv_func_getcwd_path_max=${gl_cv_func_getcwd_path_max=yes}
| ac_cv_func_getgroups_works=${ac_cv_func_getgroups_works=yes}
| gl_cv_func_nanosleep=${gl_cv_func_nanosleep='no (mishandles large arguments)'}
| gl_cv_func_working_mkstemp=${gl_cv_func_working_mkstemp=yes}
| gl_cv_func_working_mktime=${gl_cv_func_working_mktime=yes}
| gl_cv_func_working_utimes=${gl_cv_func_working_utimes=yes}
| 
| #dbus-glib
| ac_cv_have_abstract_sockets=${ac_cv_have_abstract_sockets=yes}
| 
| # gnucash
| am_cv_scanf_lld=${am_cv_scanf_lld=yes}
| 
| # guile
| ac_cv_func_pthread_attr_getstack=${ac_cv_func_pthread_attr_getstack=yes}
| 
| #gcc-zlib
| ac_cv_func_getpagesize=${ac_cv_func_getpagesize=yes}
| ac_cv_func_memcpy=${ac_cv_func_memcpy=yes}
| ac_cv_func_strerror=${ac_cv_func_strerror=yes}
| 
| # squid
| ac_cv_af_unix_large_dgram=${ac_cv_af_unix_large_dgram=yes}
| ac_cv_func_setresuid=${ac_cv_func_setresuid=yes}
| ac_cv_func_va_copy=${ac_cv_func_va_copy=yes}
| ac_cv_func___va_copy=${ac_cv_func___va_copy=yes}
| ac_cv_epoll_works=${ac_cv_epoll_works=yes}
| 
| ac_cv_check_sjlj=ssjlj
| 
| # m4
| gt_cv_locale_fr=${gt_cv_locale_fr=fr_FR}
| gl_cv_func_btowc_eof=${gl_cv_func_btowc_eof=yes}
| gl_cv_func_wcrtomb_retval=${gl_cv_func_wcrtomb_retval=yes}
| gl_cv_func_wctob_works=${gl_cv_func_wctob_works=yes}
| gl_cv_func_mbrtowc_incomplete_state=${gl_cv_func_mbrtowc_incomplete_state=yes}
| gl_cv_func_mbrtowc_sanitycheck=${gl_cv_func_mbrtowc_sanitycheck=yes}
| gl_cv_func_mbrtowc_null_arg=${gl_cv_func_mbrtowc_null_arg=yes}
| gl_cv_func_mbrtowc_retval=${gl_cv_func_mbrtowc_retval=yes}
| gl_cv_func_mbrtowc_nul_retval=${gl_cv_func_mbrtowc_nul_retval=yes}
| 
| # va_copy and _va_copy
| ac_cv_va_copy=${ac_cv_va_copy=yes}
| ac_cv___va_copy=${ac_cv___va_copy=yes}
| ac_cv_func_va_copy=${ac_cv_func_va_copy=yes}
| ac_cv_func___va_copy=${ac_cv_func___va_copy=yes}
| 
| # Xorg
| xorg_cv_malloc0_returns_null=${xorg_cv_malloc0_returns_null=yes}
| ac_cv_func_setvbuf_reversed=no
| ac_cv_sizeof___int64=${ac_cv_sizeof___int64=0}
| ac_cv_sizeof_char=${ac_cv_sizeof_char=1}
| ac_cv_sizeof_wchar_t=${ac_cv_sizeof_wchar_t=1}
| ac_cv_sizeof_unsigned_char=${ac_cv_sizeof_unsigned_char=1}
| ac_cv_sizeof_char_p=${ac_cv_sizeof_int_p=4}
| ac_cv_sizeof_int=${ac_cv_sizeof_int=4}
| ac_cv_sizeof_int_p=${ac_cv_sizeof_int_p=4}
| ac_cv_sizeof_long=${ac_cv_sizeof_long=4}
| ac_cv_sizeof_long_int=${ac_cv_sizeof_long_int=4}
| ac_cv_sizeof_long_long=${ac_cv_sizeof_long_long=8}
| ac_cv_sizeof_short=${ac_cv_sizeof_short=2}
| ac_cv_sizeof_short_int=${ac_cv_sizeof_short_int=2}
| ac_cv_sizeof_size_t=${ac_cv_sizeof_size_t=4}
| ac_cv_sizeof_void_p=${ac_cv_sizeof_void_p=4}
| ac_cv_sizeof_long_p=${ac_cv_sizeof_long_p=4}
| ac_cv_sizeof_float=${ac_cv_sizeof_float=4}
| ac_cv_sizeof_double=${ac_cv_sizeof_double=8}
| ac_cv_sizeof_long_double=${ac_cv_sizeof_long_double=8}
| ac_cv_sizeof_ptrdiff_t=${ac_cv_sizeof_ptrdiff_t=4}
| ac_cv_sizeof_unsigned_short=${ac_cv_sizeof_unsigned_short=2}
| ac_cv_sizeof_unsigned=${ac_cv_sizeof_unsigned=4}
| ac_cv_sizeof_unsigned_int=${ac_cv_sizeof_unsigned_int=4}
| ac_cv_sizeof_unsigned_long=${ac_cv_sizeof_unsigned_long=4}
| ac_cv_sizeof_unsigned_long_long=${ac_cv_sizeof_unsigned_long_long=8}
| ac_cv_sizeof_signed_char=${ac_cv_sizeof_signed_char=1}
| 
| ac_cv_uchar=${ac_cv_uchar=no}
| ac_cv_uint=${ac_cv_uint=yes}
| ac_cv_ulong=${ac_cv_ulong=yes}
| ac_cv_ushort=${ac_cv_ushort=yes}
| ac_cv_time_r_type=${ac_cv_time_r_type=POSIX}
| 
| # samba
| samba_cv_BROKEN_NISPLUS_INCLUDE_FILES=${samba_cv_BROKEN_NISPLUS_INCLUDE_FILES=yes}
| samba_cv_BROKEN_REDHAT_7_SYSTEM_HEADERS=${samba_cv_BROKEN_REDHAT_7_SYSTEM_HEADERS=no}
| samba_cv_HAVE_BROKEN_FCNTL64_LOCKS=${samba_cv_HAVE_BROKEN_FCNTL64_LOCKS=no}
| samba_cv_HAVE_BROKEN_GETGROUPS=${samba_cv_HAVE_BROKEN_GETGROUPS=no}
| samba_cv_HAVE_BROKEN_LINUX_SENDFILE=${samba_cv_HAVE_BROKEN_LINUX_SENDFILE=yes}
| samba_cv_HAVE_BROKEN_READDIR=${samba_cv_HAVE_BROKEN_READDIR=yes}
| samba_cv_HAVE_BROKEN_READDIR_NAME=${samba_cv_HAVE_BROKEN_READDIR_NAME=no}
| samba_cv_HAVE_C99_VSNPRINTF=${samba_cv_HAVE_C99_VSNPRINTF=yes}
| samba_cv_HAVE_DEV64_T=${samba_cv_HAVE_DEV64_T=no}
| samba_cv_HAVE_DEVICE_MAJOR_FN=${samba_cv_HAVE_DEVICE_MAJOR_FN=yes}
| samba_cv_HAVE_DEVICE_MINOR_FN=${samba_cv_HAVE_DEVICE_MINOR_FN=yes}
| samba_cv_HAVE_DQB_FSOFTLIMIT=${samba_cv_HAVE_DQB_FSOFTLIMIT=no}
| samba_cv_HAVE_EXPLICIT_LARGEFILE_SUPPORT=${samba_cv_HAVE_EXPLICIT_LARGEFILE_SUPPORT=yes}
| samba_cv_HAVE_FAM_H=${samba_cv_HAVE_FAM_H=no}
| samba_cv_HAVE_FCNTL_LOCK=${samba_cv_HAVE_FCNTL_LOCK=yes}
| samba_cv_HAVE_FTRUNCATE_EXTEND=${samba_cv_HAVE_FTRUNCATE_EXTEND=yes}
| samba_cv_HAVE_FUNCTION_MACRO=${samba_cv_HAVE_FUNCTION_MACRO=yes}
| samba_cv_HAVE_GETTIMEOFDAY_TZ=${samba_cv_HAVE_GETTIMEOFDAY_TZ=yes}
| samba_cv_HAVE_INO64_T=${samba_cv_HAVE_INO64_T=no}
| samba_cv_HAVE_INT16_FROM_RPC_RPC_H=${samba_cv_HAVE_INT16_FROM_RPC_RPC_H=no}
| samba_cv_HAVE_INT32_FROM_RPC_RPC_H=${samba_cv_HAVE_INT32_FROM_RPC_RPC_H=no}
| samba_cv_HAVE_KERNEL_CHANGE_NOTIFY=${samba_cv_HAVE_KERNEL_CHANGE_NOTIFY=yes}
| samba_cv_HAVE_KERNEL_OPLOCKS_LINUX=${samba_cv_HAVE_KERNEL_OPLOCKS_LINUX=yes}
| samba_cv_HAVE_KERNEL_SHARE_MODES=${samba_cv_HAVE_KERNEL_SHARE_MODES=yes}
| samba_cv_HAVE_MAKEDEV=${samba_cv_HAVE_MAKEDEV=yes}
| samba_cv_HAVE_MMAP=${samba_cv_HAVE_MMAP=yes}
| samba_cv_HAVE_NATIVE_ICONV=${samba_cv_HAVE_NATIVE_ICONV=yes}
| samba_cv_HAVE_OFF64_T=${samba_cv_HAVE_OFF64_T=no}
| samba_cv_HAVE_ROOT=${samba_cv_HAVE_ROOT=yes}
| samba_cv_HAVE_RPC_AUTH_ERROR_CONFLICT=${samba_cv_HAVE_RPC_AUTH_ERROR_CONFLICT=no}
| samba_cv_HAVE_SECURE_MKSTEMP=${samba_cv_HAVE_SECURE_MKSTEMP=yes}
| samba_cv_HAVE_SENDFILE=${samba_cv_HAVE_SENDFILE=yes}
| samba_cv_HAVE_SENDFILE64=${samba_cv_HAVE_SENDFILE64=yes}
| samba_cv_HAVE_SOCK_SIN_LEN=${samba_cv_HAVE_SOCK_SIN_LEN=no}
| samba_cv_HAVE_STAT_ST_BLKSIZE=${samba_cv_HAVE_STAT_ST_BLKSIZE=yes}
| samba_cv_HAVE_STAT_ST_BLOCKS=${samba_cv_HAVE_STAT_ST_BLOCKS=yes}
| samba_cv_HAVE_STRUCT_DIR64=${samba_cv_HAVE_STRUCT_DIR64=no}
| samba_cv_HAVE_STRUCT_DIRENT64=${samba_cv_HAVE_STRUCT_DIRENT64=yes}
| samba_cv_HAVE_STRUCT_FLOCK64=${samba_cv_HAVE_STRUCT_FLOCK64=yes}
| samba_cv_HAVE_TRUNCATED_SALT=${samba_cv_HAVE_TRUNCATED_SALT=no}
| samba_cv_HAVE_UINT16_FROM_RPC_RPC_H=${samba_cv_HAVE_UINT16_FROM_RPC_RPC_H=no}
| samba_cv_HAVE_UINT32_FROM_RPC_RPC_H=${samba_cv_HAVE_UINT32_FROM_RPC_RPC_H=no}
| samba_cv_HAVE_UNSIGNED_CHAR=${samba_cv_HAVE_UNSIGNED_CHAR=yes}
| samba_cv_HAVE_UTIMBUF=${samba_cv_HAVE_UTIMBUF=yes}
| samba_cv_HAVE_UT_UT_ADDR=${samba_cv_HAVE_UT_UT_ADDR=yes}
| samba_cv_HAVE_UT_UT_EXIT=${samba_cv_HAVE_UT_UT_EXIT=yes}
| samba_cv_HAVE_UT_UT_HOST=${samba_cv_HAVE_UT_UT_HOST=yes}
| samba_cv_HAVE_UT_UT_ID=${samba_cv_HAVE_UT_UT_ID=yes}
| samba_cv_HAVE_UT_UT_NAME=${samba_cv_HAVE_UT_UT_NAME=yes}
| samba_cv_HAVE_UT_UT_PID=${samba_cv_HAVE_UT_UT_PID=yes}
| samba_cv_HAVE_UT_UT_TIME=${samba_cv_HAVE_UT_UT_TIME=yes}
| samba_cv_HAVE_UT_UT_TV=${samba_cv_HAVE_UT_UT_TV=yes}
| samba_cv_HAVE_UT_UT_TYPE=${samba_cv_HAVE_UT_UT_TYPE=yes}
| samba_cv_HAVE_UT_UT_USER=${samba_cv_HAVE_UT_UT_USER=yes}
| samba_cv_HAVE_UX_UT_SYSLEN=${samba_cv_HAVE_UX_UT_SYSLEN=no}
| samba_cv_HAVE_VA_COPY=${samba_cv_HAVE_VA_COPY=yes}
| samba_cv_HAVE_WORKING_AF_LOCAL=${samba_cv_HAVE_WORKING_AF_LOCAL=yes}
| samba_cv_HAVE_Werror=${samba_cv_HAVE_Werror=yes}
| samba_cv_PUTUTLINE_RETURNS_UTMP=${samba_cv_PUTUTLINE_RETURNS_UTMP=yes}
| samba_cv_QUOTA_WORKS=${samba_cv_QUOTA_WORKS=yes}
| samba_cv_REALPATH_TAKES_NULL=${samba_cv_REALPATH_TAKES_NULL=yes}
| samba_cv_REPLACE_GETPASS=${samba_cv_REPLACE_GETPASS=yes}
| samba_cv_REPLACE_INET_NTOA=${samba_cv_REPLACE_INET_NTOA=no}
| samba_cv_REPLACE_READDIR=${samba_cv_REPLACE_READDIR=no}
| samba_cv_RUN_QUOTA_TESTS=${samba_cv_RUN_QUOTA_TESTS=yes}
| samba_cv_SEEKDIR_RETURNS_VOID=${samba_cv_SEEKDIR_RETURNS_VOID=yes}
| samba_cv_SIZEOF_DEV_T=${samba_cv_SIZEOF_DEV_T=yes}
| samba_cv_SIZEOF_INO_T=${samba_cv_SIZEOF_INO_T=yes}
| samba_cv_SIZEOF_OFF_T=${samba_cv_SIZEOF_OFF_T=yes}
| samba_cv_SYSCONF_SC_NGROUPS_MAX=${samba_cv_SYSCONF_SC_NGROUPS_MAX=yes}
| samba_cv_SYSCONF_SC_NPROCESSORS_ONLN=${samba_cv_SYSCONF_SC_NPROCESSORS_ONLN=yes}
| samba_cv_SYSCONF_SC_NPROC_ONLN=${samba_cv_SYSCONF_SC_NPROC_ONLN=no}
| samba_cv_SYSCONF_SC_PAGESIZE=${samba_cv_SYSCONF_SC_PAGESIZE=yes}
| samba_cv_SYSQUOTA_FOUND=${samba_cv_SYSQUOTA_FOUND=yes}
| samba_cv_SYSQUOTA_WORKS=${samba_cv_SYSQUOTA_WORKS=yes}
| samba_cv_SYSQUOTA_WORKS_XFS=${samba_cv_SYSQUOTA_WORKS_XFS=yes}
| samba_cv_TRY_QUOTAS=${samba_cv_TRY_QUOTAS=no}
| samba_cv_TRY_SYS_QUOTAS=${samba_cv_TRY_SYS_QUOTAS=yes}
| samba_cv_USE_SETRESUID=${samba_cv_USE_SETRESUID=yes}
| samba_cv_WE_USE_SYS_QUOTAS=${samba_cv_WE_USE_SYS_QUOTAS=yes}
| samba_cv_WITH_AFS=${samba_cv_WITH_AFS=no}
| samba_cv_WITH_FAKE_KASERVER=${samba_cv_WITH_FAKE_KASERVER=no}
| samba_cv_WITH_QUOTAS=${samba_cv_WITH_QUOTAS=auto}
| samba_cv_WITH_SYS_QUOTAS=${samba_cv_WITH_SYS_QUOTAS=auto}
| samba_cv_WITH_VFS_AFSACL=${samba_cv_WITH_VFS_AFSACL=no}
| samba_cv_compiler_supports_ll=${samba_cv_compiler_supports_ll=yes}
| samba_cv_found_xfs_header=${samba_cv_found_xfs_header=yes}
| samba_cv_have_longlong=${samba_cv_have_longlong=yes}
| samba_cv_have_setresgid=${samba_cv_have_setresgid=yes}
| samba_cv_have_setresuid=${samba_cv_have_setresuid=yes}
| samba_cv_immediate_structures=${samba_cv_immediate_structures=yes}
| samba_cv_optimize_out_funcation_calls=${samba_cv_optimize_out_funcation_calls=yes}
| samba_cv_sig_atomic_t=${samba_cv_sig_atomic_t=yes}
| samba_cv_socklen_t=${samba_cv_socklen_t=yes}
| samba_cv_struct_timespec=${samba_cv_struct_timespec=yes}
| samba_cv_sysquotas_file=${samba_cv_sysquotas_file=lib/sysquotas_linux.c}
| samba_cv_unixsocket=${samba_cv_unixsocket=yes}
| samba_cv_volatile=${samba_cv_volatile=yes}
| 
| #older sambe defines
| samba_cv_USE_SETEUID=${samba_cv_USE_SETEUID=yes}
| samba_cv_USE_SETREUID=${samba_cv_USE_SETREUID=yes}
| samba_cv_USE_SETUIDX=${samba_cv_USE_SETUIDX=yes}
| samba_cv_LINUX_LFS_SUPPORT=${samba_cv_LINUX_LFS_SUPPORT=yes}
| 
| # clamav
| clamav_av_func_working_snprintf_long=${clamav_av_func_working_snprintf_long=yes}
| clamav_av_have_in_port_t=${clamav_av_have_in_port_t=yes}
| clamav_av_have_in_addr_t=${clamav_av_have_in_addr_t=yes}
| 
| #dbus
| ac_cv_have_abstract_sockets=${ac_cv_have_abstract_sockets=yes}
| 
| # lftp
| ac_cv_file___dev_ptc_=yes
| 
| # guile
| ac_cv_func_pthread_attr_getstack=${ac_cv_func_pthread_attr_getstack=yes}
| 
| # gnet
| ac_cv_member_struct_sockaddr_sa_len=${ac_cv_member_struct_sockaddr_sa_len=no}
| ac_cv_gnet_have_abstract_sockets=${ac_cv_gnet_have_abstract_sockets=no}
| gnet_sockaddr_family_field_name=${gnet_sockaddr_family_field_name=ss_family}
| # libelf
| mr_cv_target_elf=${mr_cv_target_elf=yes}
| 
| # Normally kernels have /dev/random enabled
| ac_cv_file__dev_random=${ac_cv_file__dev_random=yes}
| 
| # Avoid sudo to assume void for unsetenv in cross environment, or else it conflicts with
| # target stdlib.h prototype which follows POSIX compiliance. Mark for upstream.
| sudo_cv_func_unsetenv_void=no
| 
| # shadow dir info, to avoid searching build system
| shadow_cv_maildir=${localstatedir}/spool/mail
| shadow_cv_mailfile=Mailbox
| shadow_cv_utmpdir=${localstatedir}/run
| shadow_cv_logdir=${localstatedir}/log
| shadow_cv_passwd_dir=${bindir}
| 
| # python: deactivate a runtime check for ipv6-support in python >=2.7.1 that fails when cross-compiling
| ac_cv_buggy_getaddrinfo=no
| 
| ac_cv_path_SED=${ac_cv_path_SED=sed}
| 
| # General
| ac_cv_have_decl_sys_siglist=${ac_cv_have_decl_sys_siglist=no}
| 
| # bash
| bash_cv_under_sys_siglist=${bash_cv_under_sys_siglist=no}
| bash_cv_sys_siglist=${bash_cv_sys_siglist=no}
configure:2373: looking for aux files: config.guess config.sub ltmain.sh ar-lib compile missing install-sh
configure:2386:  trying ../build-aux/
configure:2415:   ../build-aux/config.guess found
configure:2415:   ../build-aux/config.sub found
configure:2415:   ../build-aux/ltmain.sh found
configure:2415:   ../build-aux/ar-lib found
configure:2415:   ../build-aux/compile found
configure:2415:   ../build-aux/missing found
configure:2397:   ../build-aux/install-sh found
configure:2551: checking for a BSD-compatible install
configure:2625: result: /usr/bin/install -c
configure:2636: checking whether build environment is sane
configure:2651: result: yes
configure:2698: checking for arm-poky-linux-gnueabi-strip
configure:2731: result: arm-poky-linux-gnueabi-strip
configure:2803: checking for a race-free mkdir -p
configure:2846: result: /usr/bin/mkdir -p
configure:2853: checking for gawk
configure:2874: found /usr/bin/gawk
configure:2886: result: gawk
configure:2897: checking whether make sets $(MAKE)
configure:2921: result: yes
configure:2951: checking whether make supports nested variables
configure:2970: result: yes
configure:3130: checking for arm-poky-linux-gnueabi-gcc
configure:3163: result: arm-poky-linux-gnueabi-gcc  -mthumb -mfpu=neon-vfpv4 -mfloat-abi=hard -mcpu=cortex-a7 -fstack-protector-strong  -O2 -D_FORTIFY_SOURCE=2 -Wformat -Wformat-security -Werror=format-security -D_TIME_BITS=64 -D_FILE_OFFSET_BITS=64 --sysroot=/opt/poky/5.0.9/sysroots/cortexa7t2hf-neon-vfpv4-poky-linux-gnueabi
configure:3568: checking for C compiler version
configure:3577: arm-poky-linux-gnueabi-gcc  -mthumb -mfpu=neon-vfpv4 -mfloat-abi=hard -mcpu=cortex-a7 -fstack-protector-strong  -O2 -D_FORTIFY_SOURCE=2 -Wformat -Wformat-security -Werror=format-security -D_TIME_BITS=64 -D_FILE_OFFSET_BITS=64 --sysroot=/opt/poky/5.0.9/sysroots/cortexa7t2hf-neon-vfpv4-poky-linux-gnueabi --version >&5
arm-poky-linux-gnueabi-gcc (GCC) 13.3.0
Copyright (C) 2023 Free Software Foundation, Inc.
This is free software; see the source for copying conditions.  There is NO
warranty; not even for MERCHANTABILITY or FITNESS FOR A PARTICULAR PURPOSE.

configure:3588: $? = 0
configure:3577: arm-poky-linux-gnueabi-gcc  -mthumb -mfpu=neon-vfpv4 -mfloat-abi=hard -mcpu=cortex-a7 -fstack-protector-strong  -O2 -D_FORTIFY_SOURCE=2 -Wformat -Wformat-security -Werror=format-security -D_TIME_BITS=64 -D_FILE_OFFSET_BITS=64 --sysroot=/opt/poky/5.0.9/sysroots/cortexa7t2hf-neon-vfpv4-poky-linux-gnueabi -v >&5
Using built-in specs.
COLLECT_GCC=arm-poky-linux-gnueabi-gcc
COLLECT_LTO_WRAPPER=/opt/poky/5.0.9/sysroots/x86_64-pokysdk-linux/usr/libexec/arm-poky-linux-gnueabi/gcc/arm-poky-linux-gnueabi/13.3.0/lto-wrapper
Target: arm-poky-linux-gnueabi
Configured with: ../../../../../../work-shared/gcc-13.3.0-r0/gcc-13.3.0/configure --build=x86_64-linux --host=x86_64-pokysdk-linux --target=arm-poky-linux-gnueabi --prefix=/usr/local/oe-sdk-hardcoded-buildpath/sysroots/x86_64-pokysdk-linux/usr --exec_prefix=/usr/local/oe-sdk-hardcoded-buildpath/sysroots/x86_64-pokysdk-linux/usr --bindir=/usr/local/oe-sdk-hardcoded-buildpath/sysroots/x86_64-pokysdk-linux/usr/bin/arm-poky-linux-gnueabi --sbindir=/usr/local/oe-sdk-hardcoded-buildpath/sysroots/x86_64-pokysdk-linux/usr/bin/arm-poky-linux-gnueabi --libexecdir=/usr/local/oe-sdk-hardcoded-buildpath/sysroots/x86_64-pokysdk-linux/usr/libexec/arm-poky-linux-gnueabi --datadir=/usr/local/oe-sdk-hardcoded-buildpath/sysroots/x86_64-pokysdk-linux/usr/share --sysconfdir=/usr/local/oe-sdk-hardcoded-buildpath/sysroots/x86_64-pokysdk-linux/etc --sharedstatedir=/usr/local/oe-sdk-hardcoded-buildpath/sysroots/x86_64-pokysdk-linux/com --localstatedir=/usr/local/oe-sdk-hardcoded-buildpath/sysroots/x86_64-pokysdk-linux/var --libdir=/usr/local/oe-sdk-hardcoded-buildpath/sysroots/x86_64-pokysdk-linux/usr/lib/arm-poky-linux-gnueabi --includedir=/usr/local/oe-sdk-hardcoded-buildpath/sysroots/x86_64-pokysdk-linux/usr/include --oldincludedir=/usr/local/oe-sdk-hardcoded-buildpath/sysroots/x86_64-pokysdk-linux/usr/include --infodir=/usr/local/oe-sdk-hardcoded-buildpath/sysroots/x86_64-pokysdk-linux/usr/share/info --mandir=/usr/local/oe-sdk-hardcoded-buildpath/sysroots/x86_64-pokysdk-linux/usr/share/man --disable-silent-rules --disable-dependency-tracking --with-libtool-sysroot=/host --with-gnu-ld --enable-shared --enable-languages=c,c++ --enable-threads=posix --enable-multilib --enable-default-pie --enable-c99 --enable-long-long --enable-symvers=gnu --enable-libstdcxx-pch --program-prefix=arm-poky-linux-gnueabi- --without-local-prefix --disable-install-libiberty --disable-libssp --enable-libitm --enable-lto --disable-bootstrap --with-system-zlib --with-linker-hash-style=gnu --enable-linker-build-id --with-ppl=no --with-cloog=no --enable-checking=release --enable-cheaders=c_global --without-isl --with-gxx-include-dir=/not/exist/usr/include/c++/13.3.0 --with-build-time-tools=/host-native/usr/arm-poky-linux-gnueabi/bin --with-sysroot=/not/exist --with-build-sysroot=/host --with-plugin-ld=ld --enable-poison-system-directories --disable-static --enable-nls --with-glibc-version=2.28 --enable-initfini-array
Thread model: posix
Supported LTO compression algorithms: zlib zstd
gcc version 13.3.0 (GCC) 
configure:3588: $? = 0
configure:3577: arm-poky-linux-gnueabi-gcc  -mthumb -mfpu=neon-vfpv4 -mfloat-abi=hard -mcpu=cortex-a7 -fstack-protector-strong  -O2 -D_FORTIFY_SOURCE=2 -Wformat -Wformat-security -Werror=format-security -D_TIME_BITS=64 -D_FILE_OFFSET_BITS=64 --sysroot=/opt/poky/5.0.9/sysroots/cortexa7t2hf-neon-vfpv4-poky-linux-gnueabi -V >&5
arm-poky-linux-gnueabi-gcc: error: unrecognized command-line option '-V'
arm-poky-linux-gnueabi-gcc: fatal error: no input files
compilation terminated.
configure:3588: $? = 1
configure:3577: arm-poky-linux-gnueabi-gcc  -mthumb -mfpu=neon-vfpv4 -mfloat-abi=hard -mcpu=cortex-a7 -fstack-protector-strong  -O2 -D_FORTIFY_SOURCE=2 -Wformat -Wformat-security -Werror=format-security -D_TIME_BITS=64 -D_FILE_OFFSET_BITS=64 --sysroot=/opt/poky/5.0.9/sysroots/cortexa7t2hf-neon-vfpv4-poky-linux-gnueabi -qversion >&5
arm-poky-linux-gnueabi-gcc: error: unrecognized command-line option '-qversion'; did you mean '--version'?
arm-poky-linux-gnueabi-gcc: fatal error: no input files
compilation terminated.
configure:3588: $? = 1
configure:3577: arm-poky-linux-gnueabi-gcc  -mthumb -mfpu=neon-vfpv4 -mfloat-abi=hard -mcpu=cortex-a7 -fstack-protector-strong  -O2 -D_FORTIFY_SOURCE=2 -Wformat -Wformat-security -Werror=format-security -D_TIME_BITS=64 -D_FILE_OFFSET_BITS=64 --sysroot=/opt/poky/5.0.9/sysroots/cortexa7t2hf-neon-vfpv4-poky-linux-gnueabi -version >&5
arm-poky-linux-gnueabi-gcc: error: unrecognized command-line option '-version'
arm-poky-linux-gnueabi-gcc: fatal error: no input files
compilation terminated.
configure:3588: $? = 1
configure:3608: checking whether the C compiler works
configure:3630: arm-poky-linux-gnueabi-gcc  -mthumb -mfpu=neon-vfpv4 -mfloat-abi=hard -mcpu=cortex-a7 -fstack-protector-strong  -O2 -D_FORTIFY_SOURCE=2 -Wformat -Wformat-security -Werror=format-security -D_TIME_BITS=64 -D_FILE_OFFSET_BITS=64 --sysroot=/opt/poky/5.0.9/sysroots/cortexa7t2hf-neon-vfpv4-poky-linux-gnueabi  -O2 -pipe -g -feliminate-unused-debug-types   -Wl,-O1 -Wl,--hash-style=gnu -Wl,--as-needed  -Wl,-z,relro,-z,now conftest.c  >&5
configure:3634: $? = 0
configure:3685: result: yes
configure:3689: checking for C compiler default output file name
configure:3691: result: a.out
configure:3697: checking for suffix of executables
configure:3704: arm-poky-linux-gnueabi-gcc  -mthumb -mfpu=neon-vfpv4 -mfloat-abi=hard -mcpu=cortex-a7 -fstack-protector-strong  -O2 -D_FORTIFY_SOURCE=2 -Wformat -Wformat-security -Werror=format-security -D_TIME_BITS=64 -D_FILE_OFFSET_BITS=64 --sysroot=/opt/poky/5.0.9/sysroots/cortexa7t2hf-neon-vfpv4-poky-linux-gnueabi -o conftest  -O2 -pipe -g -feliminate-unused-debug-types   -Wl,-O1 -Wl,--hash-style=gnu -Wl,--as-needed  -Wl,-z,relro,-z,now conftest.c  >&5
configure:3708: $? = 0
configure:3732: result: 
configure:3756: checking whether we are cross compiling
configure:3764: arm-poky-linux-gnueabi-gcc  -mthumb -mfpu=neon-vfpv4 -mfloat-abi=hard -mcpu=cortex-a7 -fstack-protector-strong  -O2 -D_FORTIFY_SOURCE=2 -Wformat -Wformat-security -Werror=format-security -D_TIME_BITS=64 -D_FILE_OFFSET_BITS=64 --sysroot=/opt/poky/5.0.9/sysroots/cortexa7t2hf-neon-vfpv4-poky-linux-gnueabi -o conftest  -O2 -pipe -g -feliminate-unused-debug-types   -Wl,-O1 -Wl,--hash-style=gnu -Wl,--as-needed  -Wl,-z,relro,-z,now conftest.c  >&5
configure:3768: $? = 0
configure:3775: ./conftest
../configure: line 3777: ./conftest: cannot execute binary file: Exec format error
configure:3779: $? = 126
configure:3794: result: yes
configure:3800: checking for suffix of object files
configure:3823: arm-poky-linux-gnueabi-gcc  -mthumb -mfpu=neon-vfpv4 -mfloat-abi=hard -mcpu=cortex-a7 -fstack-protector-strong  -O2 -D_FORTIFY_SOURCE=2 -Wformat -Wformat-security -Werror=format-security -D_TIME_BITS=64 -D_FILE_OFFSET_BITS=64 --sysroot=/opt/poky/5.0.9/sysroots/cortexa7t2hf-neon-vfpv4-poky-linux-gnueabi -c  -O2 -pipe -g -feliminate-unused-debug-types   conftest.c >&5
configure:3827: $? = 0
configure:3851: result: o
configure:3855: checking whether the compiler supports GNU C
configure:3875: arm-poky-linux-gnueabi-gcc  -mthumb -mfpu=neon-vfpv4 -mfloat-abi=hard -mcpu=cortex-a7 -fstack-protector-strong  -O2 -D_FORTIFY_SOURCE=2 -Wformat -Wformat-security -Werror=format-security -D_TIME_BITS=64 -D_FILE_OFFSET_BITS=64 --sysroot=/opt/poky/5.0.9/sysroots/cortexa7t2hf-neon-vfpv4-poky-linux-gnueabi -c  -O2 -pipe -g -feliminate-unused-debug-types   conftest.c >&5
configure:3875: $? = 0
configure:3887: result: yes
configure:3898: checking whether arm-poky-linux-gnueabi-gcc  -mthumb -mfpu=neon-vfpv4 -mfloat-abi=hard -mcpu=cortex-a7 -fstack-protector-strong  -O2 -D_FORTIFY_SOURCE=2 -Wformat -Wformat-security -Werror=format-security -D_TIME_BITS=64 -D_FILE_OFFSET_BITS=64 --sysroot=/opt/poky/5.0.9/sysroots/cortexa7t2hf-neon-vfpv4-poky-linux-gnueabi accepts -g
configure:3919: arm-poky-linux-gnueabi-gcc  -mthumb -mfpu=neon-vfpv4 -mfloat-abi=hard -mcpu=cortex-a7 -fstack-protector-strong  -O2 -D_FORTIFY_SOURCE=2 -Wformat -Wformat-security -Werror=format-security -D_TIME_BITS=64 -D_FILE_OFFSET_BITS=64 --sysroot=/opt/poky/5.0.9/sysroots/cortexa7t2hf-neon-vfpv4-poky-linux-gnueabi -c -g  conftest.c >&5
configure:3919: $? = 0
configure:3966: result: yes
configure:3986: checking for arm-poky-linux-gnueabi-gcc  -mthumb -mfpu=neon-vfpv4 -mfloat-abi=hard -mcpu=cortex-a7 -fstack-protector-strong  -O2 -D_FORTIFY_SOURCE=2 -Wformat -Wformat-security -Werror=format-security -D_TIME_BITS=64 -D_FILE_OFFSET_BITS=64 --sysroot=/opt/poky/5.0.9/sysroots/cortexa7t2hf-neon-vfpv4-poky-linux-gnueabi option to enable C11 features
configure:4001: arm-poky-linux-gnueabi-gcc  -mthumb -mfpu=neon-vfpv4 -mfloat-abi=hard -mcpu=cortex-a7 -fstack-protector-strong  -O2 -D_FORTIFY_SOURCE=2 -Wformat -Wformat-security -Werror=format-security -D_TIME_BITS=64 -D_FILE_OFFSET_BITS=64 --sysroot=/opt/poky/5.0.9/sysroots/cortexa7t2hf-neon-vfpv4-poky-linux-gnueabi  -c  -O2 -pipe -g -feliminate-unused-debug-types   conftest.c >&5
configure:4001: $? = 0
configure:4020: result: none needed
configure:4144: checking whether arm-poky-linux-gnueabi-gcc  -mthumb -mfpu=neon-vfpv4 -mfloat-abi=hard -mcpu=cortex-a7 -fstack-protector-strong  -O2 -D_FORTIFY_SOURCE=2 -Wformat -Wformat-security -Werror=format-security -D_TIME_BITS=64 -D_FILE_OFFSET_BITS=64 --sysroot=/opt/poky/5.0.9/sysroots/cortexa7t2hf-neon-vfpv4-poky-linux-gnueabi understands -c and -o together
configure:4167: arm-poky-linux-gnueabi-gcc  -mthumb -mfpu=neon-vfpv4 -mfloat-abi=hard -mcpu=cortex-a7 -fstack-protector-strong  -O2 -D_FORTIFY_SOURCE=2 -Wformat -Wformat-security -Werror=format-security -D_TIME_BITS=64 -D_FILE_OFFSET_BITS=64 --sysroot=/opt/poky/5.0.9/sysroots/cortexa7t2hf-neon-vfpv4-poky-linux-gnueabi -c conftest.c -o conftest2.o
configure:4170: $? = 0
configure:4167: arm-poky-linux-gnueabi-gcc  -mthumb -mfpu=neon-vfpv4 -mfloat-abi=hard -mcpu=cortex-a7 -fstack-protector-strong  -O2 -D_FORTIFY_SOURCE=2 -Wformat -Wformat-security -Werror=format-security -D_TIME_BITS=64 -D_FILE_OFFSET_BITS=64 --sysroot=/opt/poky/5.0.9/sysroots/cortexa7t2hf-neon-vfpv4-poky-linux-gnueabi -c conftest.c -o conftest2.o
configure:4170: $? = 0
configure:4183: result: yes
configure:4203: checking whether make supports the include directive
configure:4218: make -f confmf.GNU && cat confinc.out
this is the am__doit target
configure:4221: $? = 0
configure:4240: result: yes (GNU style)
configure:4266: checking dependency style of arm-poky-linux-gnueabi-gcc  -mthumb -mfpu=neon-vfpv4 -mfloat-abi=hard -mcpu=cortex-a7 -fstack-protector-strong  -O2 -D_FORTIFY_SOURCE=2 -Wformat -Wformat-security -Werror=format-security -D_TIME_BITS=64 -D_FILE_OFFSET_BITS=64 --sysroot=/opt/poky/5.0.9/sysroots/cortexa7t2hf-neon-vfpv4-poky-linux-gnueabi
configure:4379: result: gcc3
configure:4395: checking whether ln -s works
configure:4399: result: yes
configure:4406: checking whether make sets $(MAKE)
configure:4430: result: yes
configure:4448: checking for arm-poky-linux-gnueabi-ar
configure:4481: result: arm-poky-linux-gnueabi-ar
configure:4557: checking the archiver (arm-poky-linux-gnueabi-ar) interface
configure:4574: arm-poky-linux-gnueabi-gcc  -mthumb -mfpu=neon-vfpv4 -mfloat-abi=hard -mcpu=cortex-a7 -fstack-protector-strong  -O2 -D_FORTIFY_SOURCE=2 -Wformat -Wformat-security -Werror=format-security -D_TIME_BITS=64 -D_FILE_OFFSET_BITS=64 --sysroot=/opt/poky/5.0.9/sysroots/cortexa7t2hf-neon-vfpv4-poky-linux-gnueabi -c  -O2 -pipe -g -feliminate-unused-debug-types   conftest.c >&5
configure:4574: $? = 0
configure:4577: arm-poky-linux-gnueabi-ar cru libconftest.a conftest.o >&5
arm-poky-linux-gnueabi-ar: `u' modifier ignored since `D' is the default (see `U')
configure:4580: $? = 0
configure:4609: result: ar
configure:4663: checking build system type
configure:4679: result: x86_64-pc-linux-gnu
configure:4699: checking host system type
configure:4714: result: arm-poky-linux-gnueabi
configure:4755: checking how to print strings
configure:4782: result: printf
configure:4803: checking for a sed that does not truncate output
configure:4875: result: sed
configure:4893: checking for grep that handles long lines and -e
configure:4959: result: /usr/bin/grep
configure:4964: checking for egrep
configure:5034: result: /usr/bin/grep -E
configure:5041: checking for fgrep
configure:5111: result: /usr/bin/grep -F
configure:5148: checking for ld used by arm-poky-linux-gnueabi-gcc  -mthumb -mfpu=neon-vfpv4 -mfloat-abi=hard -mcpu=cortex-a7 -fstack-protector-strong  -O2 -D_FORTIFY_SOURCE=2 -Wformat -Wformat-security -Werror=format-security -D_TIME_BITS=64 -D_FILE_OFFSET_BITS=64 --sysroot=/opt/poky/5.0.9/sysroots/cortexa7t2hf-neon-vfpv4-poky-linux-gnueabi
configure:5217: result: arm-poky-linux-gnueabi-ld  --sysroot=/opt/poky/5.0.9/sysroots/cortexa7t2hf-neon-vfpv4-poky-linux-gnueabi
configure:5224: checking if the linker (arm-poky-linux-gnueabi-ld  --sysroot=/opt/poky/5.0.9/sysroots/cortexa7t2hf-neon-vfpv4-poky-linux-gnueabi) is GNU ld
configure:5241: result: yes
configure:5253: checking for BSD- or MS-compatible name lister (nm)
configure:5309: result: arm-poky-linux-gnueabi-nm
configure:5451: checking the name lister (arm-poky-linux-gnueabi-nm) interface
configure:5459: arm-poky-linux-gnueabi-gcc  -mthumb -mfpu=neon-vfpv4 -mfloat-abi=hard -mcpu=cortex-a7 -fstack-protector-strong  -O2 -D_FORTIFY_SOURCE=2 -Wformat -Wformat-security -Werror=format-security -D_TIME_BITS=64 -D_FILE_OFFSET_BITS=64 --sysroot=/opt/poky/5.0.9/sysroots/cortexa7t2hf-neon-vfpv4-poky-linux-gnueabi -c  -O2 -pipe -g -feliminate-unused-debug-types   conftest.c >&5
configure:5462: arm-poky-linux-gnueabi-nm "conftest.o"
configure:5465: output
00000000 B some_variable
configure:5473: result: BSD nm
configure:5477: checking the maximum length of command line arguments
configure:5610: result: 1572864
configure:5658: checking how to convert x86_64-pc-linux-gnu file names to arm-poky-linux-gnueabi format
configure:5700: result: func_convert_file_noop
configure:5707: checking how to convert x86_64-pc-linux-gnu file names to toolchain format
configure:5729: result: func_convert_file_noop
configure:5736: checking for arm-poky-linux-gnueabi-ld  --sysroot=/opt/poky/5.0.9/sysroots/cortexa7t2hf-neon-vfpv4-poky-linux-gnueabi option to reload object files
configure:5745: result: -r
configure:5779: checking for arm-poky-linux-gnueabi-file
configure:5815: result: no
configure:5825: checking for file
configure:5846: found /usr/bin/file
configure:5858: result: file
configure:5870: WARNING: using cross tools not prefixed with host triplet
configure:5889: checking for arm-poky-linux-gnueabi-objdump
configure:5922: result: arm-poky-linux-gnueabi-objdump
configure:6000: checking how to recognize dependent libraries
configure:6202: result: pass_all
configure:6247: checking for arm-poky-linux-gnueabi-dlltool
configure:6283: result: no
configure:6293: checking for dlltool
configure:6329: result: no
configure:6359: checking how to associate runtime and link libraries
configure:6388: result: printf %s\n
configure:6404: checking for arm-poky-linux-gnueabi-ar
configure:6437: result: arm-poky-linux-gnueabi-ar
configure:6540: checking for archiver @FILE support
configure:6558: arm-poky-linux-gnueabi-gcc  -mthumb -mfpu=neon-vfpv4 -mfloat-abi=hard -mcpu=cortex-a7 -fstack-protector-strong  -O2 -D_FORTIFY_SOURCE=2 -Wformat -Wformat-security -Werror=format-security -D_TIME_BITS=64 -D_FILE_OFFSET_BITS=64 --sysroot=/opt/poky/5.0.9/sysroots/cortexa7t2hf-neon-vfpv4-poky-linux-gnueabi -c  -O2 -pipe -g -feliminate-unused-debug-types   conftest.c >&5
configure:6558: $? = 0
configure:6562: arm-poky-linux-gnueabi-ar cr libconftest.a @conftest.lst >&5
configure:6565: $? = 0
configure:6570: arm-poky-linux-gnueabi-ar cr libconftest.a @conftest.lst >&5
arm-poky-linux-gnueabi-ar: conftest.o: No such file or directory
configure:6573: $? = 1
configure:6586: result: @
configure:6604: checking for arm-poky-linux-gnueabi-strip
configure:6637: result: arm-poky-linux-gnueabi-strip
configure:6715: checking for arm-poky-linux-gnueabi-ranlib
configure:6748: result: arm-poky-linux-gnueabi-ranlib
configure:6896: checking command to parse arm-poky-linux-gnueabi-nm output from arm-poky-linux-gnueabi-gcc  -mthumb -mfpu=neon-vfpv4 -mfloat-abi=hard -mcpu=cortex-a7 -fstack-protector-strong  -O2 -D_FORTIFY_SOURCE=2 -Wformat -Wformat-security -Werror=format-security -D_TIME_BITS=64 -D_FILE_OFFSET_BITS=64 --sysroot=/opt/poky/5.0.9/sysroots/cortexa7t2hf-neon-vfpv4-poky-linux-gnueabi object
configure:7050: arm-poky-linux-gnueabi-gcc  -mthumb -mfpu=neon-vfpv4 -mfloat-abi=hard -mcpu=cortex-a7 -fstack-protector-strong  -O2 -D_FORTIFY_SOURCE=2 -Wformat -Wformat-security -Werror=format-security -D_TIME_BITS=64 -D_FILE_OFFSET_BITS=64 --sysroot=/opt/poky/5.0.9/sysroots/cortexa7t2hf-neon-vfpv4-poky-linux-gnueabi -c  -O2 -pipe -g -feliminate-unused-debug-types   conftest.c >&5
configure:7053: $? = 0
configure:7057: arm-poky-linux-gnueabi-nm conftest.o \| sed -n -e 's/^.*[ ]\([ABCDGIRSTW][ABCDGIRSTW]*\)[ ][ ]*\([_A-Za-z][_A-Za-z0-9]*\)$/\1 \2 \2/p' | sed '/ __gnu_lto/d' \> conftest.nm
configure:7060: $? = 0
configure:7126: arm-poky-linux-gnueabi-gcc  -mthumb -mfpu=neon-vfpv4 -mfloat-abi=hard -mcpu=cortex-a7 -fstack-protector-strong  -O2 -D_FORTIFY_SOURCE=2 -Wformat -Wformat-security -Werror=format-security -D_TIME_BITS=64 -D_FILE_OFFSET_BITS=64 --sysroot=/opt/poky/5.0.9/sysroots/cortexa7t2hf-neon-vfpv4-poky-linux-gnueabi -o conftest  -O2 -pipe -g -feliminate-unused-debug-types   -Wl,-O1 -Wl,--hash-style=gnu -Wl,--as-needed  -Wl,-z,relro,-z,now conftest.c conftstm.o >&5
configure:7129: $? = 0
configure:7168: result: ok
configure:7215: checking for sysroot
configure:7249: result: /opt/poky/5.0.9/sysroots/cortexa7t2hf-neon-vfpv4-poky-linux-gnueabi
configure:7256: checking for a working dd
configure:7301: result: /usr/bin/dd
configure:7305: checking how to truncate binary pipes
configure:7322: result: /usr/bin/dd bs=4096 count=1
configure:7616: checking for arm-poky-linux-gnueabi-mt
configure:7652: result: no
configure:7662: checking for mt
configure:7683: found /usr/bin/mt
configure:7695: result: mt
configure:7718: checking if mt is a manifest tool
configure:7725: mt '-?'
configure:7734: result: no
configure:8473: checking for stdio.h
configure:8473: arm-poky-linux-gnueabi-gcc  -mthumb -mfpu=neon-vfpv4 -mfloat-abi=hard -mcpu=cortex-a7 -fstack-protector-strong  -O2 -D_FORTIFY_SOURCE=2 -Wformat -Wformat-security -Werror=format-security -D_TIME_BITS=64 -D_FILE_OFFSET_BITS=64 --sysroot=/opt/poky/5.0.9/sysroots/cortexa7t2hf-neon-vfpv4-poky-linux-gnueabi -c  -O2 -pipe -g -feliminate-unused-debug-types   conftest.c >&5
configure:8473: $? = 0
configure:8473: result: yes
configure:8473: checking for stdlib.h
configure:8473: arm-poky-linux-gnueabi-gcc  -mthumb -mfpu=neon-vfpv4 -mfloat-abi=hard -mcpu=cortex-a7 -fstack-protector-strong  -O2 -D_FORTIFY_SOURCE=2 -Wformat -Wformat-security -Werror=format-security -D_TIME_BITS=64 -D_FILE_OFFSET_BITS=64 --sysroot=/opt/poky/5.0.9/sysroots/cortexa7t2hf-neon-vfpv4-poky-linux-gnueabi -c  -O2 -pipe -g -feliminate-unused-debug-types   conftest.c >&5
configure:8473: $? = 0
configure:8473: result: yes
configure:8473: checking for string.h
configure:8473: arm-poky-linux-gnueabi-gcc  -mthumb -mfpu=neon-vfpv4 -mfloat-abi=hard -mcpu=cortex-a7 -fstack-protector-strong  -O2 -D_FORTIFY_SOURCE=2 -Wformat -Wformat-security -Werror=format-security -D_TIME_BITS=64 -D_FILE_OFFSET_BITS=64 --sysroot=/opt/poky/5.0.9/sysroots/cortexa7t2hf-neon-vfpv4-poky-linux-gnueabi -c  -O2 -pipe -g -feliminate-unused-debug-types   conftest.c >&5
configure:8473: $? = 0
configure:8473: result: yes
configure:8473: checking for inttypes.h
configure:8473: arm-poky-linux-gnueabi-gcc  -mthumb -mfpu=neon-vfpv4 -mfloat-abi=hard -mcpu=cortex-a7 -fstack-protector-strong  -O2 -D_FORTIFY_SOURCE=2 -Wformat -Wformat-security -Werror=format-security -D_TIME_BITS=64 -D_FILE_OFFSET_BITS=64 --sysroot=/opt/poky/5.0.9/sysroots/cortexa7t2hf-neon-vfpv4-poky-linux-gnueabi -c  -O2 -pipe -g -feliminate-unused-debug-types   conftest.c >&5
configure:8473: $? = 0
configure:8473: result: yes
configure:8473: checking for stdint.h
configure:8473: arm-poky-linux-gnueabi-gcc  -mthumb -mfpu=neon-vfpv4 -mfloat-abi=hard -mcpu=cortex-a7 -fstack-protector-strong  -O2 -D_FORTIFY_SOURCE=2 -Wformat -Wformat-security -Werror=format-security -D_TIME_BITS=64 -D_FILE_OFFSET_BITS=64 --sysroot=/opt/poky/5.0.9/sysroots/cortexa7t2hf-neon-vfpv4-poky-linux-gnueabi -c  -O2 -pipe -g -feliminate-unused-debug-types   conftest.c >&5
configure:8473: $? = 0
configure:8473: result: yes
configure:8473: checking for strings.h
configure:8473: arm-poky-linux-gnueabi-gcc  -mthumb -mfpu=neon-vfpv4 -mfloat-abi=hard -mcpu=cortex-a7 -fstack-protector-strong  -O2 -D_FORTIFY_SOURCE=2 -Wformat -Wformat-security -Werror=format-security -D_TIME_BITS=64 -D_FILE_OFFSET_BITS=64 --sysroot=/opt/poky/5.0.9/sysroots/cortexa7t2hf-neon-vfpv4-poky-linux-gnueabi -c  -O2 -pipe -g -feliminate-unused-debug-types   conftest.c >&5
configure:8473: $? = 0
configure:8473: result: yes
configure:8473: checking for sys/stat.h
configure:8473: arm-poky-linux-gnueabi-gcc  -mthumb -mfpu=neon-vfpv4 -mfloat-abi=hard -mcpu=cortex-a7 -fstack-protector-strong  -O2 -D_FORTIFY_SOURCE=2 -Wformat -Wformat-security -Werror=format-security -D_TIME_BITS=64 -D_FILE_OFFSET_BITS=64 --sysroot=/opt/poky/5.0.9/sysroots/cortexa7t2hf-neon-vfpv4-poky-linux-gnueabi -c  -O2 -pipe -g -feliminate-unused-debug-types   conftest.c >&5
configure:8473: $? = 0
configure:8473: result: yes
configure:8473: checking for sys/types.h
configure:8473: arm-poky-linux-gnueabi-gcc  -mthumb -mfpu=neon-vfpv4 -mfloat-abi=hard -mcpu=cortex-a7 -fstack-protector-strong  -O2 -D_FORTIFY_SOURCE=2 -Wformat -Wformat-security -Werror=format-security -D_TIME_BITS=64 -D_FILE_OFFSET_BITS=64 --sysroot=/opt/poky/5.0.9/sysroots/cortexa7t2hf-neon-vfpv4-poky-linux-gnueabi -c  -O2 -pipe -g -feliminate-unused-debug-types   conftest.c >&5
configure:8473: $? = 0
configure:8473: result: yes
configure:8473: checking for unistd.h
configure:8473: arm-poky-linux-gnueabi-gcc  -mthumb -mfpu=neon-vfpv4 -mfloat-abi=hard -mcpu=cortex-a7 -fstack-protector-strong  -O2 -D_FORTIFY_SOURCE=2 -Wformat -Wformat-security -Werror=format-security -D_TIME_BITS=64 -D_FILE_OFFSET_BITS=64 --sysroot=/opt/poky/5.0.9/sysroots/cortexa7t2hf-neon-vfpv4-poky-linux-gnueabi -c  -O2 -pipe -g -feliminate-unused-debug-types   conftest.c >&5
configure:8473: $? = 0
configure:8473: result: yes
configure:8498: checking for dlfcn.h
configure:8498: arm-poky-linux-gnueabi-gcc  -mthumb -mfpu=neon-vfpv4 -mfloat-abi=hard -mcpu=cortex-a7 -fstack-protector-strong  -O2 -D_FORTIFY_SOURCE=2 -Wformat -Wformat-security -Werror=format-security -D_TIME_BITS=64 -D_FILE_OFFSET_BITS=64 --sysroot=/opt/poky/5.0.9/sysroots/cortexa7t2hf-neon-vfpv4-poky-linux-gnueabi -c  -O2 -pipe -g -feliminate-unused-debug-types   conftest.c >&5
configure:8498: $? = 0
configure:8498: result: yes
configure:8763: checking for objdir
configure:8780: result: .libs
configure:9046: checking if arm-poky-linux-gnueabi-gcc  -mthumb -mfpu=neon-vfpv4 -mfloat-abi=hard -mcpu=cortex-a7 -fstack-protector-strong  -O2 -D_FORTIFY_SOURCE=2 -Wformat -Wformat-security -Werror=format-security -D_TIME_BITS=64 -D_FILE_OFFSET_BITS=64 --sysroot=/opt/poky/5.0.9/sysroots/cortexa7t2hf-neon-vfpv4-poky-linux-gnueabi supports -fno-rtti -fno-exceptions
configure:9065: arm-poky-linux-gnueabi-gcc  -mthumb -mfpu=neon-vfpv4 -mfloat-abi=hard -mcpu=cortex-a7 -fstack-protector-strong  -O2 -D_FORTIFY_SOURCE=2 -Wformat -Wformat-security -Werror=format-security -D_TIME_BITS=64 -D_FILE_OFFSET_BITS=64 --sysroot=/opt/poky/5.0.9/sysroots/cortexa7t2hf-neon-vfpv4-poky-linux-gnueabi -c  -O2 -pipe -g -feliminate-unused-debug-types   -fno-rtti -fno-exceptions conftest.c >&5
cc1: warning: command-line option '-fno-rtti' is valid for C++/D/ObjC++ but not for C
configure:9069: $? = 0
configure:9083: result: no
configure:9441: checking for arm-poky-linux-gnueabi-gcc  -mthumb -mfpu=neon-vfpv4 -mfloat-abi=hard -mcpu=cortex-a7 -fstack-protector-strong  -O2 -D_FORTIFY_SOURCE=2 -Wformat -Wformat-security -Werror=format-security -D_TIME_BITS=64 -D_FILE_OFFSET_BITS=64 --sysroot=/opt/poky/5.0.9/sysroots/cortexa7t2hf-neon-vfpv4-poky-linux-gnueabi option to produce PIC
configure:9450: result: -fPIC -DPIC
configure:9458: checking if arm-poky-linux-gnueabi-gcc  -mthumb -mfpu=neon-vfpv4 -mfloat-abi=hard -mcpu=cortex-a7 -fstack-protector-strong  -O2 -D_FORTIFY_SOURCE=2 -Wformat -Wformat-security -Werror=format-security -D_TIME_BITS=64 -D_FILE_OFFSET_BITS=64 --sysroot=/opt/poky/5.0.9/sysroots/cortexa7t2hf-neon-vfpv4-poky-linux-gnueabi PIC flag -fPIC -DPIC works
configure:9477: arm-poky-linux-gnueabi-gcc  -mthumb -mfpu=neon-vfpv4 -mfloat-abi=hard -mcpu=cortex-a7 -fstack-protector-strong  -O2 -D_FORTIFY_SOURCE=2 -Wformat -Wformat-security -Werror=format-security -D_TIME_BITS=64 -D_FILE_OFFSET_BITS=64 --sysroot=/opt/poky/5.0.9/sysroots/cortexa7t2hf-neon-vfpv4-poky-linux-gnueabi -c  -O2 -pipe -g -feliminate-unused-debug-types   -fPIC -DPIC -DPIC conftest.c >&5
configure:9481: $? = 0
configure:9495: result: yes
configure:9524: checking if arm-poky-linux-gnueabi-gcc  -mthumb -mfpu=neon-vfpv4 -mfloat-abi=hard -mcpu=cortex-a7 -fstack-protector-strong  -O2 -D_FORTIFY_SOURCE=2 -Wformat -Wformat-security -Werror=format-security -D_TIME_BITS=64 -D_FILE_OFFSET_BITS=64 --sysroot=/opt/poky/5.0.9/sysroots/cortexa7t2hf-neon-vfpv4-poky-linux-gnueabi static flag -static works
configure:9554: result: no
configure:9569: checking if arm-poky-linux-gnueabi-gcc  -mthumb -mfpu=neon-vfpv4 -mfloat-abi=hard -mcpu=cortex-a7 -fstack-protector-strong  -O2 -D_FORTIFY_SOURCE=2 -Wformat -Wformat-security -Werror=format-security -D_TIME_BITS=64 -D_FILE_OFFSET_BITS=64 --sysroot=/opt/poky/5.0.9/sysroots/cortexa7t2hf-neon-vfpv4-poky-linux-gnueabi supports -c -o file.o
configure:9591: arm-poky-linux-gnueabi-gcc  -mthumb -mfpu=neon-vfpv4 -mfloat-abi=hard -mcpu=cortex-a7 -fstack-protector-strong  -O2 -D_FORTIFY_SOURCE=2 -Wformat -Wformat-security -Werror=format-security -D_TIME_BITS=64 -D_FILE_OFFSET_BITS=64 --sysroot=/opt/poky/5.0.9/sysroots/cortexa7t2hf-neon-vfpv4-poky-linux-gnueabi -c  -O2 -pipe -g -feliminate-unused-debug-types   -o out/conftest2.o conftest.c >&5
configure:9595: $? = 0
configure:9618: result: yes
configure:9626: checking if arm-poky-linux-gnueabi-gcc  -mthumb -mfpu=neon-vfpv4 -mfloat-abi=hard -mcpu=cortex-a7 -fstack-protector-strong  -O2 -D_FORTIFY_SOURCE=2 -Wformat -Wformat-security -Werror=format-security -D_TIME_BITS=64 -D_FILE_OFFSET_BITS=64 --sysroot=/opt/poky/5.0.9/sysroots/cortexa7t2hf-neon-vfpv4-poky-linux-gnueabi supports -c -o file.o
configure:9675: result: yes
configure:9708: checking whether the arm-poky-linux-gnueabi-gcc  -mthumb -mfpu=neon-vfpv4 -mfloat-abi=hard -mcpu=cortex-a7 -fstack-protector-strong  -O2 -D_FORTIFY_SOURCE=2 -Wformat -Wformat-security -Werror=format-security -D_TIME_BITS=64 -D_FILE_OFFSET_BITS=64 --sysroot=/opt/poky/5.0.9/sysroots/cortexa7t2hf-neon-vfpv4-poky-linux-gnueabi linker (arm-poky-linux-gnueabi-ld  --sysroot=/opt/poky/5.0.9/sysroots/cortexa7t2hf-neon-vfpv4-poky-linux-gnueabi) supports shared libraries
configure:10981: result: yes
configure:11018: checking whether -lc should be explicitly linked in
configure:11027: arm-poky-linux-gnueabi-gcc  -mthumb -mfpu=neon-vfpv4 -mfloat-abi=hard -mcpu=cortex-a7 -fstack-protector-strong  -O2 -D_FORTIFY_SOURCE=2 -Wformat -Wformat-security -Werror=format-security -D_TIME_BITS=64 -D_FILE_OFFSET_BITS=64 --sysroot=/opt/poky/5.0.9/sysroots/cortexa7t2hf-neon-vfpv4-poky-linux-gnueabi -c  -O2 -pipe -g -feliminate-unused-debug-types   conftest.c >&5
configure:11030: $? = 0
configure:11045: arm-poky-linux-gnueabi-gcc  -mthumb -mfpu=neon-vfpv4 -mfloat-abi=hard -mcpu=cortex-a7 -fstack-protector-strong  -O2 -D_FORTIFY_SOURCE=2 -Wformat -Wformat-security -Werror=format-security -D_TIME_BITS=64 -D_FILE_OFFSET_BITS=64 --sysroot=/opt/poky/5.0.9/sysroots/cortexa7t2hf-neon-vfpv4-poky-linux-gnueabi -shared  -fPIC -DPIC conftest.o  -v -Wl,-soname -Wl,conftest -o conftest 2\>\&1 \| /usr/bin/grep  -lc  \>/dev/null 2\>\&1
configure:11048: $? = 0
configure:11063: result: no
configure:11223: checking dynamic linker characteristics
configure:11805: arm-poky-linux-gnueabi-gcc  -mthumb -mfpu=neon-vfpv4 -mfloat-abi=hard -mcpu=cortex-a7 -fstack-protector-strong  -O2 -D_FORTIFY_SOURCE=2 -Wformat -Wformat-security -Werror=format-security -D_TIME_BITS=64 -D_FILE_OFFSET_BITS=64 --sysroot=/opt/poky/5.0.9/sysroots/cortexa7t2hf-neon-vfpv4-poky-linux-gnueabi -o conftest  -O2 -pipe -g -feliminate-unused-debug-types   -Wl,-O1 -Wl,--hash-style=gnu -Wl,--as-needed  -Wl,-z,relro,-z,now -Wl,-rpath -Wl,/foo conftest.c  >&5
configure:11805: $? = 0
configure:12045: result: GNU/Linux ld.so
configure:12167: checking how to hardcode library paths into programs
configure:12192: result: immediate
configure:12792: checking whether stripping libraries is possible
configure:12801: result: yes
configure:12843: checking if libtool supports shared libraries
configure:12845: result: yes
configure:12848: checking whether to build shared libraries
configure:12873: result: yes
configure:12876: checking whether to build static libraries
configure:12880: result: yes
configure:12919: checking for pthread_create in -lpthread
configure:12948: arm-poky-linux-gnueabi-gcc  -mthumb -mfpu=neon-vfpv4 -mfloat-abi=hard -mcpu=cortex-a7 -fstack-protector-strong  -O2 -D_FORTIFY_SOURCE=2 -Wformat -Wformat-security -Werror=format-security -D_TIME_BITS=64 -D_FILE_OFFSET_BITS=64 --sysroot=/opt/poky/5.0.9/sysroots/cortexa7t2hf-neon-vfpv4-poky-linux-gnueabi -o conftest  -O2 -pipe -g -feliminate-unused-debug-types   -Wl,-O1 -Wl,--hash-style=gnu -Wl,--as-needed  -Wl,-z,relro,-z,now conftest.c -lpthread   >&5
configure:12948: $? = 0
configure:12960: result: yes
configure:12972: checking for stdlib.h
configure:12972: result: yes
configure:12978: checking for unistd.h
configure:12978: result: yes
configure:13113: creating ./config.status

## ---------------------- ##
## Running config.status. ##
## ---------------------- ##

This file was extended by libgpio config.status 1.0, which was
generated by GNU Autoconf 2.72e.  Invocation command line was

  CONFIG_FILES    = 
  CONFIG_HEADERS  = 
  CONFIG_LINKS    = 
  CONFIG_COMMANDS = 
  $ ./config.status 

on dellinspiron

config.status:1091: creating Makefile
config.status:1091: creating src/Makefile
config.status:1091: creating config.h
config.status:1305: executing depfiles commands
config.status:1382: cd src       && sed -e '/# am--include-marker/d' Makefile         | make -f - am--depfiles
config.status:1387: $? = 0
config.status:1305: executing libtool commands

## ---------------- ##
## Cache variables. ##
## ---------------- ##

ac_cv___va_copy=yes
ac_cv_af_unix_large_dgram=yes
ac_cv_buggy_getaddrinfo=no
ac_cv_build=x86_64-pc-linux-gnu
ac_cv_c_bigendian=no
ac_cv_c_compiler_gnu=yes
ac_cv_c_endian=little
ac_cv_c_littleendian=yes
ac_cv_c_long_double=yes
ac_cv_check_sjlj=ssjlj
ac_cv_conv_longlong_to_float=yes
ac_cv_dirent_have_space_d_name=yes
ac_cv_env_CC_set=set
ac_cv_env_CC_value='arm-poky-linux-gnueabi-gcc  -mthumb -mfpu=neon-vfpv4 -mfloat-abi=hard -mcpu=cortex-a7 -fstack-protector-strong  -O2 -D_FORTIFY_SOURCE=2 -Wformat -Wformat-security -Werror=format-security -D_TIME_BITS=64 -D_FILE_OFFSET_BITS=64 --sysroot=/opt/poky/5.0.9/sysroots/cortexa7t2hf-neon-vfpv4-poky-linux-gnueabi'
ac_cv_env_CFLAGS_set=set
ac_cv_env_CFLAGS_value=' -O2 -pipe -g -feliminate-unused-debug-types '
ac_cv_env_CPPFLAGS_set=set
ac_cv_env_CPPFLAGS_value=
ac_cv_env_LDFLAGS_set=set
ac_cv_env_LDFLAGS_value='-Wl,-O1 -Wl,--hash-style=gnu -Wl,--as-needed  -Wl,-z,relro,-z,now'
ac_cv_env_LIBS_set=
ac_cv_env_LIBS_value=
ac_cv_env_LT_SYS_LIBRARY_PATH_set=
ac_cv_env_LT_SYS_LIBRARY_PATH_value=
ac_cv_env_build_alias_set=
ac_cv_env_build_alias_value=
ac_cv_env_host_alias_set=set
ac_cv_env_host_alias_value=arm-poky-linux-gnueabi
ac_cv_env_target_alias_set=
ac_cv_env_target_alias_value=
ac_cv_epoll_works=yes
ac_cv_file___dev_ptc_=yes
ac_cv_file__dev_random=yes
ac_cv_file__dev_zero=yes
ac_cv_func___va_copy=yes
ac_cv_func_calloc_0_nonnull=yes
ac_cv_func_chown_works=yes
ac_cv_func_fnmatch_works=yes
ac_cv_func_getaddrinfo=yes
ac_cv_func_getgrgid_r=yes
ac_cv_func_getgroups_works=yes
ac_cv_func_getpagesize=yes
ac_cv_func_getpgrp_void=yes
ac_cv_func_getpwuid_r=yes
ac_cv_func_lstat_dereferences_slashed_symlink=yes
ac_cv_func_lstat_empty_string_bug=no
ac_cv_func_malloc_0_nonnull=yes
ac_cv_func_malloc_works=yes
ac_cv_func_memcmp_working=yes
ac_cv_func_memcpy=yes
ac_cv_func_mmap_fixed_mapped=yes
ac_cv_func_posix_getgrgid_r=yes
ac_cv_func_posix_getpwnam_r=yes
ac_cv_func_posix_getpwuid_r=yes
ac_cv_func_pthread_attr_getstack=yes
ac_cv_func_pthread_key_delete=yes
ac_cv_func_realloc_0_nonnull=yes
ac_cv_func_realloc_works=yes
ac_cv_func_setgrent_void=yes
ac_cv_func_setpgrp_void=yes
ac_cv_func_setresuid=yes
ac_cv_func_setvbuf_reversed=no
ac_cv_func_stat_empty_string_bug=no
ac_cv_func_stat_ignores_trailing_slash=no
ac_cv_func_strerror=yes
ac_cv_func_strtod=yes
ac_cv_func_utime_null=yes
ac_cv_func_va_copy=yes
ac_cv_gnet_have_abstract_sockets=no
ac_cv_have_abstract_sockets=yes
ac_cv_have_accrights_in_msghdr=no
ac_cv_have_broken_snprintf=no
ac_cv_have_control_in_msghdr=yes
ac_cv_have_decl_sys_siglist=no
ac_cv_have_long_long_format=yes
ac_cv_have_openpty_ctty_bug=yes
ac_cv_have_space_d_name_in_struct_dirent=yes
ac_cv_header_dlfcn_h=yes
ac_cv_header_inttypes_h=yes
ac_cv_header_stdint_h=yes
ac_cv_header_stdio_h=yes
ac_cv_header_stdlib_h=yes
ac_cv_header_string_h=yes
ac_cv_header_strings_h=yes
ac_cv_header_sys_stat_h=yes
ac_cv_header_sys_types_h=yes
ac_cv_header_unistd_h=yes
ac_cv_host=arm-poky-linux-gnueabi
ac_cv_ispeed_offset=13
ac_cv_lib_png_png_create_info_struct=yes
ac_cv_lib_pthread_pthread_create=yes
ac_cv_libiconv_utf8=yes
ac_cv_libnet_endianess=lil
ac_cv_linux_vers=2
ac_cv_member_struct_sockaddr_sa_len=no
ac_cv_need_trio=no
ac_cv_o_nonblock_inherited=no
ac_cv_objext=o
ac_cv_path_EGREP='/usr/bin/grep -E'
ac_cv_path_EGREP_TRADITIONAL='/usr/bin/grep -E'
ac_cv_path_FGREP='/usr/bin/grep -F'
ac_cv_path_GREP=/usr/bin/grep
ac_cv_path_SED=sed
ac_cv_path_install='/usr/bin/install -c'
ac_cv_path_lt_DD=/usr/bin/dd
ac_cv_path_mkdir=/usr/bin/mkdir
ac_cv_pread=no
ac_cv_prog_AR=arm-poky-linux-gnueabi-ar
ac_cv_prog_AWK=gawk
ac_cv_prog_CC='arm-poky-linux-gnueabi-gcc  -mthumb -mfpu=neon-vfpv4 -mfloat-abi=hard -mcpu=cortex-a7 -fstack-protector-strong  -O2 -D_FORTIFY_SOURCE=2 -Wformat -Wformat-security -Werror=format-security -D_TIME_BITS=64 -D_FILE_OFFSET_BITS=64 --sysroot=/opt/poky/5.0.9/sysroots/cortexa7t2hf-neon-vfpv4-poky-linux-gnueabi'
ac_cv_prog_OBJDUMP=arm-poky-linux-gnueabi-objdump
ac_cv_prog_RANLIB=arm-poky-linux-gnueabi-ranlib
ac_cv_prog_STRIP=arm-poky-linux-gnueabi-strip
ac_cv_prog_ac_ct_FILECMD=file
ac_cv_prog_ac_ct_MANIFEST_TOOL=mt
ac_cv_prog_cc_c11=
ac_cv_prog_cc_g=yes
ac_cv_prog_cc_stdc=
ac_cv_prog_make_make_set=yes
ac_cv_pwrite=no
ac_cv_regexec_segfault_emptystr=no
ac_cv_sizeof___int64=0
ac_cv_sizeof_char=1
ac_cv_sizeof_char_p=4
ac_cv_sizeof_double=8
ac_cv_sizeof_float=4
ac_cv_sizeof_int=4
ac_cv_sizeof_int_p=4
ac_cv_sizeof_long=4
ac_cv_sizeof_long_double=8
ac_cv_sizeof_long_int=4
ac_cv_sizeof_long_long=8
ac_cv_sizeof_long_p=4
ac_cv_sizeof_pid_t=4
ac_cv_sizeof_ptrdiff_t=4
ac_cv_sizeof_short=2
ac_cv_sizeof_short_int=2
ac_cv_sizeof_signed_char=1
ac_cv_sizeof_size_t=4
ac_cv_sizeof_ssize_t=4
ac_cv_sizeof_unsigned=4
ac_cv_sizeof_unsigned_char=1
ac_cv_sizeof_unsigned_int=4
ac_cv_sizeof_unsigned_long=4
ac_cv_sizeof_unsigned_long_long=8
ac_cv_sizeof_unsigned_short=2
ac_cv_sizeof_void_p=4
ac_cv_sizeof_wchar_t=4
ac_cv_strerror_r_SUSv3=no
ac_cv_sys_restartable_syscalls=yes
ac_cv_time_r_type=POSIX
ac_cv_uchar=no
ac_cv_uint=yes
ac_cv_ulong=yes
ac_cv_ushort=yes
ac_cv_va_copy=yes
ac_cv_va_val_copy=yes
am_cv_CC_dependencies_compiler_type=gcc3
am_cv_ar_interface=ar
am_cv_func_iconv_works=yes
am_cv_func_working_getline=yes
am_cv_make_support_nested_variables=yes
am_cv_prog_cc_c_o=yes
am_cv_scanf_lld=yes
apr_cv_process_shared_works=no
apr_cv_tcp_nodelay_with_cork=yes
as_cv_unaligned_access=no
bash_cv_dup2_broken=no
bash_cv_func_sigsetjmp=missing
bash_cv_func_strcoll_broken=no
bash_cv_getcwd_calls_popen=no
bash_cv_getcwd_malloc=yes
bash_cv_getenv_redef=yes
bash_cv_have_mbstate_t=yes
bash_cv_job_control_missing=present
bash_cv_must_reinstall_sighandlers=no
bash_cv_opendir_not_robust=no
bash_cv_pgrp_pipe=no
bash_cv_printf_a_format=yes
bash_cv_sys_named_pipes=present
bash_cv_sys_siglist=no
bash_cv_type_rlimit=rlim_t
bash_cv_ulimit_maxfds=yes
bash_cv_under_sys_siglist=no
bash_cv_unusable_rtsigs=no
compat_cv_func_basename_works=no
compat_cv_func_dirname_works=no
compat_cv_func_snprintf_works=yes
cvs_cv_func_printf_ptr=yes
db_cv_align_t='unsigned long long'
db_cv_alignp_t='unsigned long'
db_cv_fcntl_f_setfd=yes
db_cv_path_ar=/usr/bin/ar
db_cv_path_chmod=/bin/chmod
db_cv_path_cp=/bin/cp
db_cv_path_ln=/bin/ln
db_cv_path_mkdir=/bin/mkdir
db_cv_path_ranlib=/usr/bin/ranlib
db_cv_path_rm=/bin/rm
db_cv_path_sh=/bin/sh
db_cv_path_strip=/usr/bin/strip
db_cv_spinlocks=no
db_cv_sprintf_count=yes
ettercap_cv_type_socklen_t=yes
fu_cv_sys_stat_statfs2_bsize=yes
gl_cv_func_btowc_eof=yes
gl_cv_func_fstatat_zero_flag=yes
gl_cv_func_getcwd_abort_bug=no
gl_cv_func_getcwd_null=yes
gl_cv_func_getcwd_path_max=yes
gl_cv_func_link_follows_symlink=no
gl_cv_func_mbrtowc_incomplete_state=yes
gl_cv_func_mbrtowc_nul_retval=yes
gl_cv_func_mbrtowc_null_arg=yes
gl_cv_func_mbrtowc_retval=yes
gl_cv_func_mbrtowc_sanitycheck=yes
gl_cv_func_nanosleep='no (mishandles large arguments)'
gl_cv_func_sleep_works=yes
gl_cv_func_unlink_busy_text=yes
gl_cv_func_wcrtomb_retval=yes
gl_cv_func_wctob_works=yes
gl_cv_func_working_mkstemp=yes
gl_cv_func_working_mktime=yes
gl_cv_func_working_utimes=yes
gl_cv_have_proc_uptime=yes
gl_cv_header_working_fcntl_h=yes
gl_cv_pipes_are_fifos='yes (1)'
gt_cv_locale_fr=fr_FR
hw_cv_func_snprintf_c99=yes
hw_cv_func_vsnprintf_c99=yes
jm_cv_func_working_readdir=yes
lf_cv_sane_realloc=yes
lftp_cv_va_val_copy=yes
lt_cv_ar_at_file=@
lt_cv_archive_cmds_need_lc=no
lt_cv_deplibs_check_method=pass_all
lt_cv_file_magic_cmd='$MAGIC_CMD'
lt_cv_file_magic_test_file=
lt_cv_ld_reload_flag=-r
lt_cv_nm_interface='BSD nm'
lt_cv_objdir=.libs
lt_cv_path_LD='arm-poky-linux-gnueabi-ld  --sysroot=/opt/poky/5.0.9/sysroots/cortexa7t2hf-neon-vfpv4-poky-linux-gnueabi'
lt_cv_path_NM=arm-poky-linux-gnueabi-nm
lt_cv_path_mainfest_tool=no
lt_cv_prog_compiler_c_o=yes
lt_cv_prog_compiler_pic='-fPIC -DPIC'
lt_cv_prog_compiler_pic_works=yes
lt_cv_prog_compiler_rtti_exceptions=no
lt_cv_prog_compiler_static_works=no
lt_cv_prog_gnu_ld=yes
lt_cv_sharedlib_from_linklib_cmd='printf %s\n'
lt_cv_shlibpath_overrides_runpath=yes
lt_cv_sys_global_symbol_pipe='sed -n -e '\''s/^.*[	 ]\([ABCDGIRSTW][ABCDGIRSTW]*\)[	 ][	 ]*\([_A-Za-z][_A-Za-z0-9]*\)$/\1 \2 \2/p'\'' | sed '\''/ __gnu_lto/d'\'''
lt_cv_sys_global_symbol_to_c_name_address='sed -n -e '\''s/^: \(.*\) .*$/  {"\1", (void *) 0},/p'\'' -e '\''s/^[ABCDGIRSTW][ABCDGIRSTW]* .* \(.*\)$/  {"\1", (void *) \&\1},/p'\'''
lt_cv_sys_global_symbol_to_c_name_address_lib_prefix='sed -n -e '\''s/^: \(.*\) .*$/  {"\1", (void *) 0},/p'\'' -e '\''s/^[ABCDGIRSTW][ABCDGIRSTW]* .* \(lib.*\)$/  {"\1", (void *) \&\1},/p'\'' -e '\''s/^[ABCDGIRSTW][ABCDGIRSTW]* .* \(.*\)$/  {"lib\1", (void *) \&\1},/p'\'''
lt_cv_sys_global_symbol_to_cdecl='sed -n -e '\''s/^T .* \(.*\)$/extern int \1();/p'\'' -e '\''s/^[ABCDGIRSTW][ABCDGIRSTW]* .* \(.*\)$/extern char \1;/p'\'''
lt_cv_sys_global_symbol_to_import=
lt_cv_sys_max_cmd_len=1572864
lt_cv_to_host_file_cmd=func_convert_file_noop
lt_cv_to_tool_file_cmd=func_convert_file_noop
lt_cv_truncate_bin='/usr/bin/dd bs=4096 count=1'
mr_cv_target_elf=yes
mysql_cv_func_atomic_add=no
mysql_cv_func_atomic_sub=no
nano_cv_func_regexec_segv_emptystr=no
php_cv_lib_cookie_io_functions_use_off64_t=yes
rsync_cv_HAVE_BROKEN_LARGEFILE=no
rsync_cv_HAVE_BROKEN_READDIR=no
rsync_cv_HAVE_C99_VSNPRINTF=yes
rsync_cv_HAVE_GETTIMEOFDAY_TZ=yes
rsync_cv_HAVE_LONGLONG=yes
rsync_cv_HAVE_OFF64_T=no
rsync_cv_HAVE_SECURE_MKSTEMP=yes
rsync_cv_HAVE_SHORT_INO_T=no
rsync_cv_HAVE_SOCKETPAIR=yes
rsync_cv_HAVE_UNSIGNED_CHAR=no
rsync_cv_REPLACE_INET_ATON=no
rsync_cv_REPLACE_INET_NTOA=no
samba_cv_BROKEN_NISPLUS_INCLUDE_FILES=yes
samba_cv_BROKEN_REDHAT_7_SYSTEM_HEADERS=no
samba_cv_HAVE_BROKEN_FCNTL64_LOCKS=no
samba_cv_HAVE_BROKEN_GETGROUPS=no
samba_cv_HAVE_BROKEN_LINUX_SENDFILE=yes
samba_cv_HAVE_BROKEN_READDIR=yes
samba_cv_HAVE_BROKEN_READDIR_NAME=no
samba_cv_HAVE_C99_VSNPRINTF=yes
samba_cv_HAVE_DEV64_T=no
samba_cv_HAVE_DEVICE_MAJOR_FN=yes
samba_cv_HAVE_DEVICE_MINOR_FN=yes
samba_cv_HAVE_DQB_FSOFTLIMIT=no
samba_cv_HAVE_EXPLICIT_LARGEFILE_SUPPORT=yes
samba_cv_HAVE_FAM_H=no
samba_cv_HAVE_FCNTL_LOCK=yes
samba_cv_HAVE_FTRUNCATE_EXTEND=yes
samba_cv_HAVE_FUNCTION_MACRO=yes
samba_cv_HAVE_GETTIMEOFDAY_TZ=yes
samba_cv_HAVE_IFACE_AIX=no
samba_cv_HAVE_IFACE_IFCONF=yes
samba_cv_HAVE_IFACE_IFREQ=yes
samba_cv_HAVE_INO64_T=no
samba_cv_HAVE_INT16_FROM_RPC_RPC_H=no
samba_cv_HAVE_INT32_FROM_RPC_RPC_H=no
samba_cv_HAVE_IRIX_SPECIFIC_CAPABILITIES=no
samba_cv_HAVE_KERNEL_CHANGE_NOTIFY=yes
samba_cv_HAVE_KERNEL_OPLOCKS_LINUX=yes
samba_cv_HAVE_KERNEL_SHARE_MODES=yes
samba_cv_HAVE_MAKEDEV=yes
samba_cv_HAVE_MMAP=yes
samba_cv_HAVE_NATIVE_ICONV=yes
samba_cv_HAVE_OFF64_T=no
samba_cv_HAVE_ROOT=yes
samba_cv_HAVE_RPC_AUTH_ERROR_CONFLICT=no
samba_cv_HAVE_SECURE_MKSTEMP=yes
samba_cv_HAVE_SENDFILE64=yes
samba_cv_HAVE_SENDFILE=yes
samba_cv_HAVE_SOCK_SIN_LEN=no
samba_cv_HAVE_STAT_ST_BLKSIZE=yes
samba_cv_HAVE_STAT_ST_BLOCKS=yes
samba_cv_HAVE_STRUCT_DIR64=no
samba_cv_HAVE_STRUCT_DIRENT64=yes
samba_cv_HAVE_STRUCT_FLOCK64=yes
samba_cv_HAVE_TRUNCATED_SALT=no
samba_cv_HAVE_UINT16_FROM_RPC_RPC_H=no
samba_cv_HAVE_UINT32_FROM_RPC_RPC_H=no
samba_cv_HAVE_UNSIGNED_CHAR=yes
samba_cv_HAVE_UTIMBUF=yes
samba_cv_HAVE_UT_UT_ADDR=yes
samba_cv_HAVE_UT_UT_EXIT=yes
samba_cv_HAVE_UT_UT_HOST=yes
samba_cv_HAVE_UT_UT_ID=yes
samba_cv_HAVE_UT_UT_NAME=yes
samba_cv_HAVE_UT_UT_PID=yes
samba_cv_HAVE_UT_UT_TIME=yes
samba_cv_HAVE_UT_UT_TV=yes
samba_cv_HAVE_UT_UT_TYPE=yes
samba_cv_HAVE_UT_UT_USER=yes
samba_cv_HAVE_UX_UT_SYSLEN=no
samba_cv_HAVE_VA_COPY=yes
samba_cv_HAVE_WORKING_AF_LOCAL=yes
samba_cv_HAVE_Werror=yes
samba_cv_LINUX_LFS_SUPPORT=yes
samba_cv_PUTUTLINE_RETURNS_UTMP=yes
samba_cv_QUOTA_WORKS=yes
samba_cv_REALPATH_TAKES_NULL=yes
samba_cv_REPLACE_GETPASS=yes
samba_cv_REPLACE_INET_NTOA=no
samba_cv_REPLACE_READDIR=no
samba_cv_RUN_QUOTA_TESTS=yes
samba_cv_SEEKDIR_RETURNS_VOID=yes
samba_cv_SIZEOF_DEV_T=yes
samba_cv_SIZEOF_INO_T=yes
samba_cv_SIZEOF_OFF_T=yes
samba_cv_SYSCONF_SC_NGROUPS_MAX=yes
samba_cv_SYSCONF_SC_NPROCESSORS_ONLN=yes
samba_cv_SYSCONF_SC_NPROC_ONLN=no
samba_cv_SYSCONF_SC_PAGESIZE=yes
samba_cv_SYSQUOTA_FOUND=yes
samba_cv_SYSQUOTA_WORKS=yes
samba_cv_SYSQUOTA_WORKS_XFS=yes
samba_cv_TRY_QUOTAS=no
samba_cv_TRY_SYS_QUOTAS=yes
samba_cv_USE_SETEUID=yes
samba_cv_USE_SETRESUID=yes
samba_cv_USE_SETREUID=yes
samba_cv_USE_SETUIDX=yes
samba_cv_WE_USE_SYS_QUOTAS=yes
samba_cv_WITH_AFS=no
samba_cv_WITH_FAKE_KASERVER=no
samba_cv_WITH_QUOTAS=auto
samba_cv_WITH_SYS_QUOTAS=auto
samba_cv_WITH_VFS_AFSACL=no
samba_cv_compiler_supports_ll=yes
samba_cv_found_xfs_header=yes
samba_cv_have_longlong=yes
samba_cv_have_setresgid=yes
samba_cv_have_setresuid=yes
samba_cv_immediate_structures=yes
samba_cv_optimize_out_funcation_calls=yes
samba_cv_sig_atomic_t=yes
samba_cv_socklen_t=yes
samba_cv_struct_timespec=yes
samba_cv_sysquotas_file=lib/sysquotas_linux.c
samba_cv_unixsocket=yes
samba_cv_volatile=yes
sc_cv_termios_ispeed=yes
screen_cv_sys_bcopy_overlap=no
screen_cv_sys_fifo_broken_impl=yes
screen_cv_sys_fifo_usable=yes
screen_cv_sys_memcpy_overlap=no
screen_cv_sys_memmove_overlap=no
screen_cv_sys_select_broken_retval=no
screen_cv_sys_sockets_nofs=no
screen_cv_sys_sockets_usable=yes
screen_cv_sys_terminfo_used=yes
shadow_cv_logdir='${prefix}/var/log'
shadow_cv_maildir='${prefix}/var/spool/mail'
shadow_cv_mailfile=Mailbox
shadow_cv_passwd_dir='${exec_prefix}/bin'
shadow_cv_utmpdir='${prefix}/var/run'
slrn_cv_va_val_copy=yes
sudo_cv_func_unsetenv_void=no
tcl_cv_api_serial=termios
utils_cv_sys_open_max=1019
xorg_cv_malloc0_returns_null=yes

## ----------------- ##
## Output variables. ##
## ----------------- ##

ACLOCAL='${SHELL} '\''/home/kevinl/Documents/smarthouse_pi/libgpio-1.0/build-aux/missing'\'' aclocal-1.16'
AMDEPBACKSLASH='\'
AMDEP_FALSE='#'
AMDEP_TRUE=''
AMTAR='$${TAR-tar}'
AM_BACKSLASH='\'
AM_DEFAULT_V='$(AM_DEFAULT_VERBOSITY)'
AM_DEFAULT_VERBOSITY='1'
AM_V='$(V)'
AR='arm-poky-linux-gnueabi-ar'
AUTOCONF='${SHELL} '\''/home/kevinl/Documents/smarthouse_pi/libgpio-1.0/build-aux/missing'\'' autoconf'
AUTOHEADER='${SHELL} '\''/home/kevinl/Documents/smarthouse_pi/libgpio-1.0/build-aux/missing'\'' autoheader'
AUTOMAKE='${SHELL} '\''/home/kevinl/Documents/smarthouse_pi/libgpio-1.0/build-aux/missing'\'' automake-1.16'
AWK='gawk'
CC='arm-poky-linux-gnueabi-gcc  -mthumb -mfpu=neon-vfpv4 -mfloat-abi=hard -mcpu=cortex-a7 -fstack-protector-strong  -O2 -D_FORTIFY_SOURCE=2 -Wformat -Wformat-security -Werror=format-security -D_TIME_BITS=64 -D_FILE_OFFSET_BITS=64 --sysroot=/opt/poky/5.0.9/sysroots/cortexa7t2hf-neon-vfpv4-poky-linux-gnueabi'
CCDEPMODE='depmode=gcc3'
CFLAGS=' -O2 -pipe -g -feliminate-unused-debug-types '
CPPFLAGS=''
CSCOPE='cscope'
CTAGS='ctags'
CYGPATH_W='echo'
DEFS='-DHAVE_CONFIG_H'
DEPDIR='.deps'
DLLTOOL='false'
DSYMUTIL=''
DUMPBIN=''
ECHO_C=''
ECHO_N='-n'
ECHO_T=''
EGREP='/usr/bin/grep -E'
ETAGS='etags'
EXEEXT=''
FGREP='/usr/bin/grep -F'
FILECMD='file'
GREP='/usr/bin/grep'
INSTALL_DATA='${INSTALL} -m 644'
INSTALL_PROGRAM='${INSTALL}'
INSTALL_SCRIPT='${INSTALL}'
INSTALL_STRIP_PROGRAM='$(install_sh) -c -s'
LD='arm-poky-linux-gnueabi-ld  --sysroot=/opt/poky/5.0.9/sysroots/cortexa7t2hf-neon-vfpv4-poky-linux-gnueabi'
LDFLAGS='-Wl,-O1 -Wl,--hash-style=gnu -Wl,--as-needed  -Wl,-z,relro,-z,now'
LIBOBJS=''
LIBS='-lpthread '
LIBTOOL='$(SHELL) $(top_builddir)/libtool'
LIPO=''
LN_S='ln -s'
LTLIBOBJS=''
LT_SYS_LIBRARY_PATH=''
MAKEINFO='${SHELL} '\''/home/kevinl/Documents/smarthouse_pi/libgpio-1.0/build-aux/missing'\'' makeinfo'
MANIFEST_TOOL=':'
MKDIR_P='/usr/bin/mkdir -p'
NM='arm-poky-linux-gnueabi-nm'
NMEDIT=''
OBJDUMP='arm-poky-linux-gnueabi-objdump'
OBJEXT='o'
OTOOL64=''
OTOOL=''
PACKAGE='libgpio'
PACKAGE_BUGREPORT='gabrielwolfw@example.com'
PACKAGE_NAME='libgpio'
PACKAGE_STRING='libgpio 1.0'
PACKAGE_TARNAME='libgpio'
PACKAGE_URL=''
PACKAGE_VERSION='1.0'
PATH_SEPARATOR=':'
RANLIB='arm-poky-linux-gnueabi-ranlib'
SED='sed'
SET_MAKE=''
SHELL='/bin/bash'
STRIP='arm-poky-linux-gnueabi-strip'
VERSION='1.0'
ac_ct_AR=''
ac_ct_CC=''
ac_ct_DUMPBIN=''
am__EXEEXT_FALSE=''
am__EXEEXT_TRUE='#'
am__fastdepCC_FALSE='#'
am__fastdepCC_TRUE=''
am__include='include'
am__isrc=' -I$(srcdir)'
am__leading_dot='.'
am__nodep='_no'
am__quote=''
am__tar='$${TAR-tar} chof - "$$tardir"'
am__untar='$${TAR-tar} xf -'
bindir='${exec_prefix}/bin'
build='x86_64-pc-linux-gnu'
build_alias=''
build_cpu='x86_64'
build_os='linux-gnu'
build_vendor='pc'
datadir='${datarootdir}'
datarootdir='${prefix}/share'
docdir='${datarootdir}/doc/${PACKAGE_TARNAME}'
dvidir='${docdir}'
exec_prefix='${prefix}'
host='arm-poky-linux-gnueabi'
host_alias='arm-poky-linux-gnueabi'
host_cpu='arm'
host_os='linux-gnueabi'
host_vendor='poky'
htmldir='${docdir}'
includedir='${prefix}/include'
infodir='${datarootdir}/info'
install_sh='${SHELL} /home/kevinl/Documents/smarthouse_pi/libgpio-1.0/build-aux/install-sh'
libdir='${exec_prefix}/lib'
libexecdir='${exec_prefix}/libexec'
localedir='${datarootdir}/locale'
localstatedir='${prefix}/var'
mandir='${datarootdir}/man'
mkdir_p='$(MKDIR_P)'
oldincludedir='/usr/include'
pdfdir='${docdir}'
prefix='/home/kevinl/Documents/smarthouse_pi/libgpio-1.0/usr'
program_transform_name='s,x,x,'
psdir='${docdir}'
runstatedir='${localstatedir}/run'
sbindir='${exec_prefix}/sbin'
sharedstatedir='${prefix}/com'
sysconfdir='${prefix}/etc'
target_alias=''

## ----------- ##
## confdefs.h. ##
## ----------- ##

/* confdefs.h */
#define PACKAGE_NAME "libgpio"
#define PACKAGE_TARNAME "libgpio"
#define PACKAGE_VERSION "1.0"
#define PACKAGE_STRING "libgpio 1.0"
#define PACKAGE_BUGREPORT "gabrielwolfw@example.com"
#define PACKAGE_URL ""
#define PACKAGE "libgpio"
#define VERSION "1.0"
#define HAVE_STDIO_H 1
#define HAVE_STDLIB_H 1
#define HAVE_STRING_H 1
#define HAVE_INTTYPES_H 1
#define HAVE_STDINT_H 1
#define HAVE_STRINGS_H 1
#define HAVE_SYS_STAT_H 1
#define HAVE_SYS_TYPES_H 1
#define HAVE_UNISTD_H 1
#define STDC_HEADERS 1
#define HAVE_DLFCN_H 1
#define LT_OBJDIR ".libs/"
#define HAVE_LIBPTHREAD 1
#define HAVE_STDLIB_H 1
#define HAVE_UNISTD_H 1

configure: exit 0
